2023-11-16 12:17:02,914 [INFO] Activator:176 - 


2023-11-16 12:17:02,918 [INFO] Activator:177 - !SESSION log4j initialized
2023-11-16 12:17:03,903 [INFO] LogOutputStream:77 - [STDOUT_REDIRECT] 
2023-11-16 12:17:05,183 [INFO] McuFinderGlobals:63 - Set McuFinder mode to 2 (CubeIDE integrated)
2023-11-16 12:17:09,813 [ERROR] LogOutputStream:75 - [STDERR_REDIRECT] java.net.URISyntaxException: Illegal character in path at index 34: file:/Users/cpgvega/Library/Mobile Documents/com~apple~CloudDocs/Michigan/2023-2024 UMICH/Fall 2023/EECS 373/Rock-em-Sock-em-Motion/.metadata/.log4j2.xml
2023-11-16 12:17:09,814 [ERROR] LogOutputStream:75 - [STDERR_REDIRECT] 	at java.base/java.net.URI$Parser.fail(URI.java:2974)
2023-11-16 12:17:09,815 [ERROR] LogOutputStream:75 - [STDERR_REDIRECT] 	at java.base/java.net.URI$Parser.checkChars(URI.java:3145)
2023-11-16 12:17:09,816 [ERROR] LogOutputStream:75 - [STDERR_REDIRECT] 	at java.base/java.net.URI$Parser.parseHierarchical(URI.java:3227)
2023-11-16 12:17:09,816 [ERROR] LogOutputStream:75 - [STDERR_REDIRECT] 	at java.base/java.net.URI$Parser.parse(URI.java:3175)
2023-11-16 12:17:09,817 [ERROR] LogOutputStream:75 - [STDERR_REDIRECT] 	at java.base/java.net.URI.<init>(URI.java:623)
2023-11-16 12:17:09,818 [ERROR] LogOutputStream:75 - [STDERR_REDIRECT] 	at java.base/java.net.URL.toURI(URL.java:1056)
2023-11-16 12:17:09,819 [ERROR] LogOutputStream:75 - [STDERR_REDIRECT] 	at com.st.stm32cube.common.mx.core.CubeMxInstance.getInstance(CubeMxInstance.java:81)
2023-11-16 12:17:09,820 [ERROR] LogOutputStream:75 - [STDERR_REDIRECT] 	at com.st.stm32cube.common.mx.editor.CubeMxEditor.createPartControl(CubeMxEditor.java:1036)
2023-11-16 12:17:09,820 [ERROR] LogOutputStream:75 - [STDERR_REDIRECT] 	at org.eclipse.ui.internal.e4.compatibility.CompatibilityPart.createPartControl(CompatibilityPart.java:158)
2023-11-16 12:17:09,820 [ERROR] LogOutputStream:75 - [STDERR_REDIRECT] 	at org.eclipse.ui.internal.e4.compatibility.CompatibilityEditor.createPartControl(CompatibilityEditor.java:96)
2023-11-16 12:17:09,820 [ERROR] LogOutputStream:75 - [STDERR_REDIRECT] 	at org.eclipse.ui.internal.e4.compatibility.CompatibilityPart.create(CompatibilityPart.java:365)
2023-11-16 12:17:09,820 [ERROR] LogOutputStream:75 - [STDERR_REDIRECT] 	at java.base/jdk.internal.reflect.NativeMethodAccessorImpl.invoke0(Native Method)
2023-11-16 12:17:09,821 [ERROR] LogOutputStream:75 - [STDERR_REDIRECT] 	at java.base/jdk.internal.reflect.NativeMethodAccessorImpl.invoke(NativeMethodAccessorImpl.java:77)
2023-11-16 12:17:09,822 [ERROR] LogOutputStream:75 - [STDERR_REDIRECT] 	at java.base/jdk.internal.reflect.DelegatingMethodAccessorImpl.invoke(DelegatingMethodAccessorImpl.java:43)
2023-11-16 12:17:09,822 [ERROR] LogOutputStream:75 - [STDERR_REDIRECT] 	at java.base/java.lang.reflect.Method.invoke(Method.java:568)
2023-11-16 12:17:09,822 [ERROR] LogOutputStream:75 - [STDERR_REDIRECT] 	at org.eclipse.e4.core.internal.di.MethodRequestor.execute(MethodRequestor.java:58)
2023-11-16 12:17:09,822 [ERROR] LogOutputStream:75 - [STDERR_REDIRECT] 	at org.eclipse.e4.core.internal.di.InjectorImpl.processAnnotated(InjectorImpl.java:995)
2023-11-16 12:17:09,822 [ERROR] LogOutputStream:75 - [STDERR_REDIRECT] 	at org.eclipse.e4.core.internal.di.InjectorImpl.processAnnotated(InjectorImpl.java:960)
2023-11-16 12:17:09,823 [ERROR] LogOutputStream:75 - [STDERR_REDIRECT] 	at org.eclipse.e4.core.internal.di.InjectorImpl.internalInject(InjectorImpl.java:140)
2023-11-16 12:17:09,823 [ERROR] LogOutputStream:75 - [STDERR_REDIRECT] 	at org.eclipse.e4.core.internal.di.InjectorImpl.internalMake(InjectorImpl.java:403)
2023-11-16 12:17:09,823 [ERROR] LogOutputStream:75 - [STDERR_REDIRECT] 	at org.eclipse.e4.core.internal.di.InjectorImpl.make(InjectorImpl.java:330)
2023-11-16 12:17:09,823 [ERROR] LogOutputStream:75 - [STDERR_REDIRECT] 	at org.eclipse.e4.core.contexts.ContextInjectionFactory.make(ContextInjectionFactory.java:202)
2023-11-16 12:17:09,823 [ERROR] LogOutputStream:75 - [STDERR_REDIRECT] 	at org.eclipse.e4.ui.internal.workbench.ReflectionContributionFactory.createFromBundle(ReflectionContributionFactory.java:91)
2023-11-16 12:17:09,823 [ERROR] LogOutputStream:75 - [STDERR_REDIRECT] 	at org.eclipse.e4.ui.internal.workbench.ReflectionContributionFactory.doCreate(ReflectionContributionFactory.java:60)
2023-11-16 12:17:09,824 [ERROR] LogOutputStream:75 - [STDERR_REDIRECT] 	at org.eclipse.e4.ui.internal.workbench.ReflectionContributionFactory.create(ReflectionContributionFactory.java:42)
2023-11-16 12:17:09,824 [ERROR] LogOutputStream:75 - [STDERR_REDIRECT] 	at org.eclipse.e4.ui.workbench.renderers.swt.ContributedPartRenderer.createWidget(ContributedPartRenderer.java:132)
2023-11-16 12:17:09,824 [ERROR] LogOutputStream:75 - [STDERR_REDIRECT] 	at org.eclipse.e4.ui.internal.workbench.swt.PartRenderingEngine.createWidget(PartRenderingEngine.java:995)
2023-11-16 12:17:09,824 [ERROR] LogOutputStream:75 - [STDERR_REDIRECT] 	at org.eclipse.e4.ui.internal.workbench.swt.PartRenderingEngine.safeCreateGui(PartRenderingEngine.java:659)
2023-11-16 12:17:09,825 [ERROR] LogOutputStream:75 - [STDERR_REDIRECT] 	at org.eclipse.e4.ui.internal.workbench.swt.PartRenderingEngine.safeCreateGui(PartRenderingEngine.java:763)
2023-11-16 12:17:09,825 [ERROR] LogOutputStream:75 - [STDERR_REDIRECT] 	at org.eclipse.e4.ui.internal.workbench.swt.PartRenderingEngine$2.run(PartRenderingEngine.java:728)
2023-11-16 12:17:09,825 [ERROR] LogOutputStream:75 - [STDERR_REDIRECT] 	at org.eclipse.core.runtime.SafeRunner.run(SafeRunner.java:45)
2023-11-16 12:17:09,825 [ERROR] LogOutputStream:75 - [STDERR_REDIRECT] 	at org.eclipse.e4.ui.internal.workbench.swt.PartRenderingEngine.createGui(PartRenderingEngine.java:712)
2023-11-16 12:17:09,825 [ERROR] LogOutputStream:75 - [STDERR_REDIRECT] 	at org.eclipse.e4.ui.workbench.renderers.swt.StackRenderer.showTab(StackRenderer.java:1208)
2023-11-16 12:17:09,825 [ERROR] LogOutputStream:75 - [STDERR_REDIRECT] 	at org.eclipse.e4.ui.workbench.renderers.swt.LazyStackRenderer.postProcess(LazyStackRenderer.java:116)
2023-11-16 12:17:09,826 [ERROR] LogOutputStream:75 - [STDERR_REDIRECT] 	at org.eclipse.e4.ui.internal.workbench.swt.PartRenderingEngine.safeCreateGui(PartRenderingEngine.java:677)
2023-11-16 12:17:09,826 [ERROR] LogOutputStream:75 - [STDERR_REDIRECT] 	at org.eclipse.e4.ui.internal.workbench.swt.PartRenderingEngine.safeCreateGui(PartRenderingEngine.java:763)
2023-11-16 12:17:09,826 [ERROR] LogOutputStream:75 - [STDERR_REDIRECT] 	at org.eclipse.e4.ui.internal.workbench.swt.PartRenderingEngine$2.run(PartRenderingEngine.java:728)
2023-11-16 12:17:09,826 [ERROR] LogOutputStream:75 - [STDERR_REDIRECT] 	at org.eclipse.core.runtime.SafeRunner.run(SafeRunner.java:45)
2023-11-16 12:17:09,826 [ERROR] LogOutputStream:75 - [STDERR_REDIRECT] 	at org.eclipse.e4.ui.internal.workbench.swt.PartRenderingEngine.createGui(PartRenderingEngine.java:712)
2023-11-16 12:17:09,826 [ERROR] LogOutputStream:75 - [STDERR_REDIRECT] 	at org.eclipse.e4.ui.workbench.renderers.swt.SWTPartRenderer.processContents(SWTPartRenderer.java:72)
2023-11-16 12:17:09,827 [ERROR] LogOutputStream:75 - [STDERR_REDIRECT] 	at org.eclipse.e4.ui.internal.workbench.swt.PartRenderingEngine.safeCreateGui(PartRenderingEngine.java:673)
2023-11-16 12:17:09,827 [ERROR] LogOutputStream:75 - [STDERR_REDIRECT] 	at org.eclipse.e4.ui.internal.workbench.swt.PartRenderingEngine$1.run(PartRenderingEngine.java:544)
2023-11-16 12:17:09,827 [ERROR] LogOutputStream:75 - [STDERR_REDIRECT] 	at org.eclipse.core.runtime.SafeRunner.run(SafeRunner.java:45)
2023-11-16 12:17:09,827 [ERROR] LogOutputStream:75 - [STDERR_REDIRECT] 	at org.eclipse.e4.ui.internal.workbench.swt.PartRenderingEngine.createGui(PartRenderingEngine.java:528)
2023-11-16 12:17:09,827 [ERROR] LogOutputStream:75 - [STDERR_REDIRECT] 	at org.eclipse.e4.ui.workbench.renderers.swt.ElementReferenceRenderer.createWidget(ElementReferenceRenderer.java:73)
2023-11-16 12:17:09,827 [ERROR] LogOutputStream:75 - [STDERR_REDIRECT] 	at org.eclipse.e4.ui.internal.workbench.swt.PartRenderingEngine.createWidget(PartRenderingEngine.java:995)
2023-11-16 12:17:09,827 [ERROR] LogOutputStream:75 - [STDERR_REDIRECT] 	at org.eclipse.e4.ui.internal.workbench.swt.PartRenderingEngine.safeCreateGui(PartRenderingEngine.java:659)
2023-11-16 12:17:09,828 [ERROR] LogOutputStream:75 - [STDERR_REDIRECT] 	at org.eclipse.e4.ui.internal.workbench.swt.PartRenderingEngine.safeCreateGui(PartRenderingEngine.java:763)
2023-11-16 12:17:09,828 [ERROR] LogOutputStream:75 - [STDERR_REDIRECT] 	at org.eclipse.e4.ui.internal.workbench.swt.PartRenderingEngine$2.run(PartRenderingEngine.java:728)
2023-11-16 12:17:09,828 [ERROR] LogOutputStream:75 - [STDERR_REDIRECT] 	at org.eclipse.core.runtime.SafeRunner.run(SafeRunner.java:45)
2023-11-16 12:17:09,829 [ERROR] LogOutputStream:75 - [STDERR_REDIRECT] 	at org.eclipse.e4.ui.internal.workbench.swt.PartRenderingEngine.createGui(PartRenderingEngine.java:712)
2023-11-16 12:17:09,829 [ERROR] LogOutputStream:75 - [STDERR_REDIRECT] 	at org.eclipse.e4.ui.workbench.renderers.swt.SWTPartRenderer.processContents(SWTPartRenderer.java:72)
2023-11-16 12:17:09,829 [ERROR] LogOutputStream:75 - [STDERR_REDIRECT] 	at org.eclipse.e4.ui.workbench.renderers.swt.SashRenderer.processContents(SashRenderer.java:150)
2023-11-16 12:17:09,829 [ERROR] LogOutputStream:75 - [STDERR_REDIRECT] 	at org.eclipse.e4.ui.internal.workbench.swt.PartRenderingEngine.safeCreateGui(PartRenderingEngine.java:673)
2023-11-16 12:17:09,829 [ERROR] LogOutputStream:75 - [STDERR_REDIRECT] 	at org.eclipse.e4.ui.internal.workbench.swt.PartRenderingEngine.safeCreateGui(PartRenderingEngine.java:763)
2023-11-16 12:17:09,830 [ERROR] LogOutputStream:75 - [STDERR_REDIRECT] 	at org.eclipse.e4.ui.internal.workbench.swt.PartRenderingEngine$2.run(PartRenderingEngine.java:728)
2023-11-16 12:17:09,830 [ERROR] LogOutputStream:75 - [STDERR_REDIRECT] 	at org.eclipse.core.runtime.SafeRunner.run(SafeRunner.java:45)
2023-11-16 12:17:09,830 [ERROR] LogOutputStream:75 - [STDERR_REDIRECT] 	at org.eclipse.e4.ui.internal.workbench.swt.PartRenderingEngine.createGui(PartRenderingEngine.java:712)
2023-11-16 12:17:09,830 [ERROR] LogOutputStream:75 - [STDERR_REDIRECT] 	at org.eclipse.e4.ui.workbench.renderers.swt.SWTPartRenderer.processContents(SWTPartRenderer.java:72)
2023-11-16 12:17:09,830 [ERROR] LogOutputStream:75 - [STDERR_REDIRECT] 	at org.eclipse.e4.ui.workbench.renderers.swt.SashRenderer.processContents(SashRenderer.java:150)
2023-11-16 12:17:09,830 [ERROR] LogOutputStream:75 - [STDERR_REDIRECT] 	at org.eclipse.e4.ui.internal.workbench.swt.PartRenderingEngine.safeCreateGui(PartRenderingEngine.java:673)
2023-11-16 12:17:09,831 [ERROR] LogOutputStream:75 - [STDERR_REDIRECT] 	at org.eclipse.e4.ui.internal.workbench.swt.PartRenderingEngine.safeCreateGui(PartRenderingEngine.java:763)
2023-11-16 12:17:09,831 [ERROR] LogOutputStream:75 - [STDERR_REDIRECT] 	at org.eclipse.e4.ui.internal.workbench.swt.PartRenderingEngine$2.run(PartRenderingEngine.java:728)
2023-11-16 12:17:09,831 [ERROR] LogOutputStream:75 - [STDERR_REDIRECT] 	at org.eclipse.core.runtime.SafeRunner.run(SafeRunner.java:45)
2023-11-16 12:17:09,831 [ERROR] LogOutputStream:75 - [STDERR_REDIRECT] 	at org.eclipse.e4.ui.internal.workbench.swt.PartRenderingEngine.createGui(PartRenderingEngine.java:712)
2023-11-16 12:17:09,831 [ERROR] LogOutputStream:75 - [STDERR_REDIRECT] 	at org.eclipse.e4.ui.workbench.renderers.swt.SWTPartRenderer.processContents(SWTPartRenderer.java:72)
2023-11-16 12:17:09,831 [ERROR] LogOutputStream:75 - [STDERR_REDIRECT] 	at org.eclipse.e4.ui.workbench.renderers.swt.SashRenderer.processContents(SashRenderer.java:150)
2023-11-16 12:17:09,832 [ERROR] LogOutputStream:75 - [STDERR_REDIRECT] 	at org.eclipse.e4.ui.internal.workbench.swt.PartRenderingEngine.safeCreateGui(PartRenderingEngine.java:673)
2023-11-16 12:17:09,832 [ERROR] LogOutputStream:75 - [STDERR_REDIRECT] 	at org.eclipse.e4.ui.internal.workbench.swt.PartRenderingEngine.safeCreateGui(PartRenderingEngine.java:763)
2023-11-16 12:17:09,832 [ERROR] LogOutputStream:75 - [STDERR_REDIRECT] 	at org.eclipse.e4.ui.internal.workbench.swt.PartRenderingEngine$2.run(PartRenderingEngine.java:728)
2023-11-16 12:17:09,832 [ERROR] LogOutputStream:75 - [STDERR_REDIRECT] 	at org.eclipse.core.runtime.SafeRunner.run(SafeRunner.java:45)
2023-11-16 12:17:09,832 [ERROR] LogOutputStream:75 - [STDERR_REDIRECT] 	at org.eclipse.e4.ui.internal.workbench.swt.PartRenderingEngine.createGui(PartRenderingEngine.java:712)
2023-11-16 12:17:09,832 [ERROR] LogOutputStream:75 - [STDERR_REDIRECT] 	at org.eclipse.e4.ui.workbench.renderers.swt.SWTPartRenderer.processContents(SWTPartRenderer.java:72)
2023-11-16 12:17:09,832 [ERROR] LogOutputStream:75 - [STDERR_REDIRECT] 	at org.eclipse.e4.ui.workbench.renderers.swt.PerspectiveRenderer.processContents(PerspectiveRenderer.java:51)
2023-11-16 12:17:09,832 [ERROR] LogOutputStream:75 - [STDERR_REDIRECT] 	at org.eclipse.e4.ui.internal.workbench.swt.PartRenderingEngine.safeCreateGui(PartRenderingEngine.java:673)
2023-11-16 12:17:09,833 [ERROR] LogOutputStream:75 - [STDERR_REDIRECT] 	at org.eclipse.e4.ui.internal.workbench.swt.PartRenderingEngine.safeCreateGui(PartRenderingEngine.java:763)
2023-11-16 12:17:09,833 [ERROR] LogOutputStream:75 - [STDERR_REDIRECT] 	at org.eclipse.e4.ui.internal.workbench.swt.PartRenderingEngine$2.run(PartRenderingEngine.java:728)
2023-11-16 12:17:09,833 [ERROR] LogOutputStream:75 - [STDERR_REDIRECT] 	at org.eclipse.core.runtime.SafeRunner.run(SafeRunner.java:45)
2023-11-16 12:17:09,833 [ERROR] LogOutputStream:75 - [STDERR_REDIRECT] 	at org.eclipse.e4.ui.internal.workbench.swt.PartRenderingEngine.createGui(PartRenderingEngine.java:712)
2023-11-16 12:17:09,833 [ERROR] LogOutputStream:75 - [STDERR_REDIRECT] 	at org.eclipse.e4.ui.workbench.renderers.swt.PerspectiveStackRenderer.showTab(PerspectiveStackRenderer.java:82)
2023-11-16 12:17:09,833 [ERROR] LogOutputStream:75 - [STDERR_REDIRECT] 	at org.eclipse.e4.ui.workbench.renderers.swt.LazyStackRenderer.postProcess(LazyStackRenderer.java:116)
2023-11-16 12:17:09,834 [ERROR] LogOutputStream:75 - [STDERR_REDIRECT] 	at org.eclipse.e4.ui.workbench.renderers.swt.PerspectiveStackRenderer.postProcess(PerspectiveStackRenderer.java:64)
2023-11-16 12:17:09,835 [ERROR] LogOutputStream:75 - [STDERR_REDIRECT] 	at org.eclipse.e4.ui.internal.workbench.swt.PartRenderingEngine.safeCreateGui(PartRenderingEngine.java:677)
2023-11-16 12:17:09,836 [ERROR] LogOutputStream:75 - [STDERR_REDIRECT] 	at org.eclipse.e4.ui.internal.workbench.swt.PartRenderingEngine.safeCreateGui(PartRenderingEngine.java:763)
2023-11-16 12:17:09,836 [ERROR] LogOutputStream:75 - [STDERR_REDIRECT] 	at org.eclipse.e4.ui.internal.workbench.swt.PartRenderingEngine$2.run(PartRenderingEngine.java:728)
2023-11-16 12:17:09,836 [ERROR] LogOutputStream:75 - [STDERR_REDIRECT] 	at org.eclipse.core.runtime.SafeRunner.run(SafeRunner.java:45)
2023-11-16 12:17:09,836 [ERROR] LogOutputStream:75 - [STDERR_REDIRECT] 	at org.eclipse.e4.ui.internal.workbench.swt.PartRenderingEngine.createGui(PartRenderingEngine.java:712)
2023-11-16 12:17:09,836 [ERROR] LogOutputStream:75 - [STDERR_REDIRECT] 	at org.eclipse.e4.ui.workbench.renderers.swt.SWTPartRenderer.processContents(SWTPartRenderer.java:72)
2023-11-16 12:17:09,836 [ERROR] LogOutputStream:75 - [STDERR_REDIRECT] 	at org.eclipse.e4.ui.workbench.renderers.swt.SashRenderer.processContents(SashRenderer.java:150)
2023-11-16 12:17:09,836 [ERROR] LogOutputStream:75 - [STDERR_REDIRECT] 	at org.eclipse.e4.ui.internal.workbench.swt.PartRenderingEngine.safeCreateGui(PartRenderingEngine.java:673)
2023-11-16 12:17:09,837 [ERROR] LogOutputStream:75 - [STDERR_REDIRECT] 	at org.eclipse.e4.ui.internal.workbench.swt.PartRenderingEngine.safeCreateGui(PartRenderingEngine.java:763)
2023-11-16 12:17:09,837 [ERROR] LogOutputStream:75 - [STDERR_REDIRECT] 	at org.eclipse.e4.ui.internal.workbench.swt.PartRenderingEngine$2.run(PartRenderingEngine.java:728)
2023-11-16 12:17:09,837 [ERROR] LogOutputStream:75 - [STDERR_REDIRECT] 	at org.eclipse.core.runtime.SafeRunner.run(SafeRunner.java:45)
2023-11-16 12:17:09,837 [ERROR] LogOutputStream:75 - [STDERR_REDIRECT] 	at org.eclipse.e4.ui.internal.workbench.swt.PartRenderingEngine.createGui(PartRenderingEngine.java:712)
2023-11-16 12:17:09,837 [ERROR] LogOutputStream:75 - [STDERR_REDIRECT] 	at org.eclipse.e4.ui.workbench.renderers.swt.SWTPartRenderer.processContents(SWTPartRenderer.java:72)
2023-11-16 12:17:09,837 [ERROR] LogOutputStream:75 - [STDERR_REDIRECT] 	at org.eclipse.e4.ui.workbench.renderers.swt.WBWRenderer.processContents(WBWRenderer.java:658)
2023-11-16 12:17:09,838 [ERROR] LogOutputStream:75 - [STDERR_REDIRECT] 	at org.eclipse.e4.ui.internal.workbench.swt.PartRenderingEngine.safeCreateGui(PartRenderingEngine.java:673)
2023-11-16 12:17:09,838 [ERROR] LogOutputStream:75 - [STDERR_REDIRECT] 	at org.eclipse.e4.ui.internal.workbench.swt.PartRenderingEngine.safeCreateGui(PartRenderingEngine.java:763)
2023-11-16 12:17:09,838 [ERROR] LogOutputStream:75 - [STDERR_REDIRECT] 	at org.eclipse.e4.ui.internal.workbench.swt.PartRenderingEngine$2.run(PartRenderingEngine.java:728)
2023-11-16 12:17:09,838 [ERROR] LogOutputStream:75 - [STDERR_REDIRECT] 	at org.eclipse.core.runtime.SafeRunner.run(SafeRunner.java:45)
2023-11-16 12:17:09,838 [ERROR] LogOutputStream:75 - [STDERR_REDIRECT] 	at org.eclipse.e4.ui.internal.workbench.swt.PartRenderingEngine.createGui(PartRenderingEngine.java:712)
2023-11-16 12:17:09,838 [ERROR] LogOutputStream:75 - [STDERR_REDIRECT] 	at org.eclipse.e4.ui.internal.workbench.swt.PartRenderingEngine$5.run(PartRenderingEngine.java:1083)
2023-11-16 12:17:09,840 [ERROR] LogOutputStream:75 - [STDERR_REDIRECT] 	at org.eclipse.core.databinding.observable.Realm.runWithDefault(Realm.java:338)
2023-11-16 12:17:09,841 [ERROR] LogOutputStream:75 - [STDERR_REDIRECT] 	at org.eclipse.e4.ui.internal.workbench.swt.PartRenderingEngine.run(PartRenderingEngine.java:1046)
2023-11-16 12:17:09,841 [ERROR] LogOutputStream:75 - [STDERR_REDIRECT] 	at org.eclipse.e4.ui.internal.workbench.E4Workbench.createAndRunUI(E4Workbench.java:155)
2023-11-16 12:17:09,841 [ERROR] LogOutputStream:75 - [STDERR_REDIRECT] 	at org.eclipse.ui.internal.Workbench.lambda$3(Workbench.java:643)
2023-11-16 12:17:09,842 [ERROR] LogOutputStream:75 - [STDERR_REDIRECT] 	at org.eclipse.core.databinding.observable.Realm.runWithDefault(Realm.java:338)
2023-11-16 12:17:09,842 [ERROR] LogOutputStream:75 - [STDERR_REDIRECT] 	at org.eclipse.ui.internal.Workbench.createAndRunWorkbench(Workbench.java:550)
2023-11-16 12:17:09,843 [ERROR] LogOutputStream:75 - [STDERR_REDIRECT] 	at org.eclipse.ui.PlatformUI.createAndRunWorkbench(PlatformUI.java:171)
2023-11-16 12:17:09,843 [ERROR] LogOutputStream:75 - [STDERR_REDIRECT] 	at org.eclipse.ui.internal.ide.application.IDEApplication.start(IDEApplication.java:152)
2023-11-16 12:17:09,843 [ERROR] LogOutputStream:75 - [STDERR_REDIRECT] 	at org.eclipse.equinox.internal.app.EclipseAppHandle.run(EclipseAppHandle.java:203)
2023-11-16 12:17:09,843 [ERROR] LogOutputStream:75 - [STDERR_REDIRECT] 	at org.eclipse.core.runtime.internal.adaptor.EclipseAppLauncher.runApplication(EclipseAppLauncher.java:136)
2023-11-16 12:17:09,844 [ERROR] LogOutputStream:75 - [STDERR_REDIRECT] 	at org.eclipse.core.runtime.internal.adaptor.EclipseAppLauncher.start(EclipseAppLauncher.java:104)
2023-11-16 12:17:09,844 [ERROR] LogOutputStream:75 - [STDERR_REDIRECT] 	at org.eclipse.core.runtime.adaptor.EclipseStarter.run(EclipseStarter.java:402)
2023-11-16 12:17:09,844 [ERROR] LogOutputStream:75 - [STDERR_REDIRECT] 	at org.eclipse.core.runtime.adaptor.EclipseStarter.run(EclipseStarter.java:255)
2023-11-16 12:17:09,844 [ERROR] LogOutputStream:75 - [STDERR_REDIRECT] 	at java.base/jdk.internal.reflect.NativeMethodAccessorImpl.invoke0(Native Method)
2023-11-16 12:17:09,844 [ERROR] LogOutputStream:75 - [STDERR_REDIRECT] 	at java.base/jdk.internal.reflect.NativeMethodAccessorImpl.invoke(NativeMethodAccessorImpl.java:77)
2023-11-16 12:17:09,844 [ERROR] LogOutputStream:75 - [STDERR_REDIRECT] 	at java.base/jdk.internal.reflect.DelegatingMethodAccessorImpl.invoke(DelegatingMethodAccessorImpl.java:43)
2023-11-16 12:17:09,845 [ERROR] LogOutputStream:75 - [STDERR_REDIRECT] 	at java.base/java.lang.reflect.Method.invoke(Method.java:568)
2023-11-16 12:17:09,845 [ERROR] LogOutputStream:75 - [STDERR_REDIRECT] 	at org.eclipse.equinox.launcher.Main.invokeFramework(Main.java:659)
2023-11-16 12:17:09,845 [ERROR] LogOutputStream:75 - [STDERR_REDIRECT] 	at org.eclipse.equinox.launcher.Main.basicRun(Main.java:596)
2023-11-16 12:17:09,846 [ERROR] LogOutputStream:75 - [STDERR_REDIRECT] 	at org.eclipse.equinox.launcher.Main.run(Main.java:1467)
2023-11-16 12:17:09,876 [ERROR] LogOutputStream:75 - [STDERR_REDIRECT] 
2023-11-16 12:17:10,170 [INFO] ApplicationProperties:184 - Using Application install path: /Applications/STM32CubeIDE.app/Contents/Eclipse/plugins/com.st.stm32cube.common.mx_6.9.1.202307191849
2023-11-16 12:17:10,182 [INFO] DbMcusXml:78 - Set database path to: /Applications/STM32CubeIDE.app/Contents/Eclipse/plugins/com.st.stm32cube.common.mx_6.9.1.202307191849//db//mcu/
2023-11-16 12:17:10,182 [INFO] ApiDb:274 - Set plugin database path to: /Applications/STM32CubeIDE.app/Contents/Eclipse/plugins/com.st.stm32cube.common.mx_6.9.1.202307191849//db//plugins/boardmanager/
2023-11-16 12:17:10,182 [WARN] ApiDb:259 - Overriding images path with different value:  => /Applications/STM32CubeIDE.app/Contents/Eclipse/plugins/com.st.stm32cube.common.mx_6.9.1.202307191849//db//plugins/mcufinder/images/
2023-11-16 12:17:10,194 [INFO] ApiDb:250 - Set database path to: /Users/cpgvega/.stmcufinder/plugins/mcufinder//mcu/
2023-11-16 12:17:10,195 [INFO] DbMcusAds:125 - Set database path to: /Users/cpgvega/.stmcufinder/plugins/mcufinder//mcu/
2023-11-16 12:17:10,204 [INFO] CrossReferenceDbSqlite:203 - Set database path to: /Users/cpgvega/.stmcufinder/plugins/mcufinder//mcu/cs/
2023-11-16 12:17:10,310 [INFO] RulesReader:64 - Compatibility file has been processed (293 Rules)
2023-11-16 12:17:10,370 [INFO] DbMcusXml:78 - Set database path to: /Applications/STM32CubeIDE.app/Contents/Eclipse/plugins/com.st.stm32cube.common.mx_6.9.1.202307191849//db//mcu/
2023-11-16 12:17:10,370 [INFO] ApiDb:274 - Set plugin database path to: /Applications/STM32CubeIDE.app/Contents/Eclipse/plugins/com.st.stm32cube.common.mx_6.9.1.202307191849//db//plugins/boardmanager/
2023-11-16 12:17:10,370 [INFO] ApiDb:261 - Set plugin images path to: /Applications/STM32CubeIDE.app/Contents/Eclipse/plugins/com.st.stm32cube.common.mx_6.9.1.202307191849//db//plugins/mcufinder/images/
2023-11-16 12:17:10,370 [WARN] DbFile:41 - Overriding database path with different value: /Users/cpgvega/.stmcufinder/plugins/mcufinder/ => /Users/cpgvega/.stmcufinder/plugins/mcufinder
2023-11-16 12:17:10,370 [INFO] ApiDb:250 - Set database path to: /Users/cpgvega/.stmcufinder/plugins/mcufinder//mcu/
2023-11-16 12:17:10,370 [WARN] DbFile:41 - Overriding database path with different value: /Users/cpgvega/.stmcufinder/plugins/mcufinder/ => /Users/cpgvega/.stmcufinder/plugins/mcufinder
2023-11-16 12:17:10,370 [INFO] DbMcusAds:125 - Set database path to: /Users/cpgvega/.stmcufinder/plugins/mcufinder//mcu/
2023-11-16 12:17:10,370 [WARN] DbFile:41 - Overriding database path with different value: /Users/cpgvega/.stmcufinder/plugins/mcufinder/ => /Users/cpgvega/.stmcufinder/plugins/mcufinder
2023-11-16 12:17:10,370 [WARN] DbFile:41 - Overriding database path with different value: /Users/cpgvega/.stmcufinder/plugins/mcufinder/ => /Users/cpgvega/.stmcufinder/plugins/mcufinder
2023-11-16 12:17:10,370 [INFO] CrossReferenceDbSqlite:203 - Set database path to: /Users/cpgvega/.stmcufinder/plugins/mcufinder//mcu/cs/
2023-11-16 12:17:10,437 [INFO] MainPanel:262 - HeapMemory: 268435456
2023-11-16 12:17:10,499 [INFO] DbMcusXml:78 - Set database path to: /Applications/STM32CubeIDE.app/Contents/Eclipse/plugins/com.st.stm32cube.common.mx_6.9.1.202307191849//db//mcu/
2023-11-16 12:17:10,500 [INFO] ApiDb:274 - Set plugin database path to: /Applications/STM32CubeIDE.app/Contents/Eclipse/plugins/com.st.stm32cube.common.mx_6.9.1.202307191849//db//plugins/boardmanager/
2023-11-16 12:17:10,500 [INFO] ApiDb:261 - Set plugin images path to: /Applications/STM32CubeIDE.app/Contents/Eclipse/plugins/com.st.stm32cube.common.mx_6.9.1.202307191849//db//plugins/mcufinder/images/
2023-11-16 12:17:10,500 [WARN] DbFile:41 - Overriding database path with different value: /Users/cpgvega/.stmcufinder/plugins/mcufinder/ => /Users/cpgvega/.stmcufinder/plugins/mcufinder
2023-11-16 12:17:10,500 [INFO] ApiDb:250 - Set database path to: /Users/cpgvega/.stmcufinder/plugins/mcufinder//mcu/
2023-11-16 12:17:10,500 [WARN] DbFile:41 - Overriding database path with different value: /Users/cpgvega/.stmcufinder/plugins/mcufinder/ => /Users/cpgvega/.stmcufinder/plugins/mcufinder
2023-11-16 12:17:10,500 [INFO] DbMcusAds:125 - Set database path to: /Users/cpgvega/.stmcufinder/plugins/mcufinder//mcu/
2023-11-16 12:17:10,501 [WARN] DbFile:41 - Overriding database path with different value: /Users/cpgvega/.stmcufinder/plugins/mcufinder/ => /Users/cpgvega/.stmcufinder/plugins/mcufinder
2023-11-16 12:17:10,501 [WARN] DbFile:41 - Overriding database path with different value: /Users/cpgvega/.stmcufinder/plugins/mcufinder/ => /Users/cpgvega/.stmcufinder/plugins/mcufinder
2023-11-16 12:17:10,501 [INFO] CrossReferenceDbSqlite:203 - Set database path to: /Users/cpgvega/.stmcufinder/plugins/mcufinder//mcu/cs/
2023-11-16 12:17:10,513 [INFO] ApplicationProperties:184 - Using Application install path: /Applications/STM32CubeIDE.app/Contents/Eclipse/plugins/com.st.stm32cube.common.mx_6.9.1.202307191849
2023-11-16 12:17:10,514 [INFO] PluginManage:196 - Search for loadable plugins [exclusion list=, ]
2023-11-16 12:17:10,515 [INFO] PluginManage:310 - Check plugin analytics
2023-11-16 12:17:10,836 [INFO] AnalyticsPlugin:253 - Accepted Software Licenses: 
2023-11-16 12:17:10,837 [INFO] AnalyticsPlugin:255 - Accepted CMSIS Pack Licenses: 
2023-11-16 12:17:10,837 [INFO] AnalyticsPlugin:257 - Accepted Firmware Licenses: FW.L4.1.18.0
2023-11-16 12:17:10,852 [INFO] PluginManage:359 - Loaded plugin analytics (category:tool,tabindex:-1)
2023-11-16 12:17:10,853 [INFO] PluginManage:310 - Check plugin cadmodel
2023-11-16 12:17:11,395 [INFO] CADModel:105 - Init CAD model plugin
2023-11-16 12:17:11,397 [INFO] PluginManage:359 - Loaded plugin cadmodel (category:power,tabindex:5)
2023-11-16 12:17:11,398 [INFO] PluginManage:310 - Check plugin clock
2023-11-16 12:17:11,424 [INFO] PluginManage:359 - Loaded plugin clock (category:base,tabindex:2)
2023-11-16 12:17:11,425 [INFO] PluginManage:310 - Check plugin ddr
2023-11-16 12:17:11,429 [INFO] PluginManage:359 - Loaded plugin ddr (category:tool,tabindex:6)
2023-11-16 12:17:11,429 [INFO] PluginManage:310 - Check plugin filemanager
2023-11-16 12:17:11,540 [INFO] PluginManage:359 - Loaded plugin filemanager (category:base,tabindex:10)
2023-11-16 12:17:11,540 [INFO] PluginManage:310 - Check plugin ipmanager
2023-11-16 12:17:11,546 [INFO] PluginManage:359 - Loaded plugin ipmanager (category:base,tabindex:5)
2023-11-16 12:17:11,546 [INFO] PluginManage:310 - Check plugin lpbam
2023-11-16 12:17:11,553 [INFO] PluginManage:359 - Loaded plugin lpbam (category:base,tabindex:0)
2023-11-16 12:17:11,553 [INFO] PluginManage:310 - Check plugin memorymap
2023-11-16 12:17:11,563 [INFO] PluginManage:359 - Loaded plugin memorymap (category:base,tabindex:4)
2023-11-16 12:17:11,563 [INFO] PluginManage:310 - Check plugin pinoutandconfiguration
2023-11-16 12:17:11,573 [INFO] PluginManage:359 - Loaded plugin pinoutandconfiguration (category:base,tabindex:1)
2023-11-16 12:17:11,574 [INFO] PluginManage:310 - Check plugin pinoutconfig
2023-11-16 12:17:11,687 [WARN] SupportedApi:132 - Cannot load RTOS API schema: s4s-elt-must-match.1: The content of 'definitions' must match (annotation?, (simpleType | complexType)?, (unique | key | keyref)*)). A problem was found starting at: attribute.
2023-11-16 12:17:11,830 [INFO] PluginManage:359 - Loaded plugin pinoutconfig (category:base,tabindex:0)
2023-11-16 12:17:11,831 [INFO] PluginManage:310 - Check plugin power
2023-11-16 12:17:11,848 [INFO] PluginManage:359 - Loaded plugin power (category:power,tabindex:4)
2023-11-16 12:17:11,848 [INFO] PluginManage:310 - Check plugin projectmanager
2023-11-16 12:17:11,881 [INFO] PluginManage:359 - Loaded plugin projectmanager (category:projectmanager,tabindex:3)
2023-11-16 12:17:11,881 [INFO] PluginManage:310 - Check plugin thirdparty
2023-11-16 12:17:12,022 [INFO] PluginManage:359 - Loaded plugin thirdparty (category:base,tabindex:-1)
2023-11-16 12:17:12,023 [INFO] PluginManage:310 - Check plugin tools
2023-11-16 12:17:12,022 [WARN] IntegrityCheckThread:84 - waiting for thirdparty lock release [integrity check]
2023-11-16 12:17:12,025 [INFO] IntegrityCheckThread:86 - entering critical section [integrity check]
2023-11-16 12:17:12,027 [INFO] PluginManage:359 - Loaded plugin tools (category:base,tabindex:7)
2023-11-16 12:17:12,027 [INFO] ThirdPartyUpdaterWithRetryManager:70 - Updater plugin not ready yet. [1/15]
2023-11-16 12:17:12,028 [INFO] PluginManage:310 - Check plugin tutovideos
2023-11-16 12:17:12,152 [INFO] PluginManage:359 - Loaded plugin tutovideos (category:base,tabindex:-1)
2023-11-16 12:17:12,153 [INFO] PluginManage:310 - Check plugin updater
2023-11-16 12:17:12,164 [INFO] PluginManage:359 - Loaded plugin updater (category:base,tabindex:12)
2023-11-16 12:17:12,164 [INFO] PluginManage:310 - Check plugin userauth
2023-11-16 12:17:12,169 [INFO] UserAuth:113 - Init User Auth plugin
2023-11-16 12:17:12,169 [INFO] PluginManage:359 - Loaded plugin userauth (category:base,tabindex:14)
2023-11-16 12:17:12,169 [INFO] PluginManage:283 - PluginManage : Loaded plugins [17]
2023-11-16 12:17:12,482 [INFO] PinOutPanel:1499 - setPackage(No Configuration,No Configuration)
2023-11-16 12:17:12,575 [INFO] CADModel:165 - CPN selected for project level
2023-11-16 12:17:12,576 [INFO] CADModel:114 - Register for checkConnection events
2023-11-16 12:17:12,587 [INFO] IPUIPlugin:80 - create IPUIPlugin
2023-11-16 12:17:12,587 [INFO] PluginManager:220 - loadIPPluginJar : add mdma
2023-11-16 12:17:12,592 [INFO] IPUIPlugin:80 - create IPUIPlugin
2023-11-16 12:17:12,592 [INFO] PluginManager:220 - loadIPPluginJar : add freertos
2023-11-16 12:17:12,594 [INFO] IPUIPlugin:80 - create IPUIPlugin
2023-11-16 12:17:12,594 [INFO] PluginManager:220 - loadIPPluginJar : add gic
2023-11-16 12:17:12,600 [INFO] IPUIPlugin:80 - create IPUIPlugin
2023-11-16 12:17:12,600 [INFO] PluginManager:220 - loadIPPluginJar : add adc
2023-11-16 12:17:12,602 [INFO] IPUIPlugin:80 - create IPUIPlugin
2023-11-16 12:17:12,602 [INFO] PluginManager:220 - loadIPPluginJar : add gtzc
2023-11-16 12:17:12,603 [INFO] IPUIPlugin:80 - create IPUIPlugin
2023-11-16 12:17:12,603 [INFO] PluginManager:220 - loadIPPluginJar : add quadspi
2023-11-16 12:17:12,604 [INFO] IPUIPlugin:80 - create IPUIPlugin
2023-11-16 12:17:12,605 [INFO] PluginManager:220 - loadIPPluginJar : add aes
2023-11-16 12:17:12,606 [INFO] IPUIPlugin:80 - create IPUIPlugin
2023-11-16 12:17:12,606 [INFO] PluginManager:220 - loadIPPluginJar : add pdm2pcm
2023-11-16 12:17:12,607 [INFO] IPUIPlugin:80 - create IPUIPlugin
2023-11-16 12:17:12,607 [INFO] PluginManager:220 - loadIPPluginJar : add hash
2023-11-16 12:17:12,608 [INFO] IPUIPlugin:80 - create IPUIPlugin
2023-11-16 12:17:12,608 [INFO] PluginManager:220 - loadIPPluginJar : add tim
2023-11-16 12:17:12,608 [INFO] IPUIPlugin:80 - create IPUIPlugin
2023-11-16 12:17:12,608 [INFO] PluginManager:220 - loadIPPluginJar : add tsc
2023-11-16 12:17:12,609 [INFO] IPUIPlugin:80 - create IPUIPlugin
2023-11-16 12:17:12,609 [INFO] PluginManager:220 - loadIPPluginJar : add ts
2023-11-16 12:17:12,610 [INFO] IPUIPlugin:80 - create IPUIPlugin
2023-11-16 12:17:12,610 [INFO] PluginManager:220 - loadIPPluginJar : add can
2023-11-16 12:17:12,611 [INFO] IPUIPlugin:80 - create IPUIPlugin
2023-11-16 12:17:12,611 [INFO] PluginManager:220 - loadIPPluginJar : add dma3
2023-11-16 12:17:12,612 [INFO] IPUIPlugin:80 - create IPUIPlugin
2023-11-16 12:17:12,612 [INFO] PluginManager:220 - loadIPPluginJar : add dfsdm
2023-11-16 12:17:12,613 [INFO] IPUIPlugin:80 - create IPUIPlugin
2023-11-16 12:17:12,613 [INFO] PluginManager:220 - loadIPPluginJar : add spi
2023-11-16 12:17:12,614 [INFO] IPUIPlugin:80 - create IPUIPlugin
2023-11-16 12:17:12,614 [INFO] PluginManager:220 - loadIPPluginJar : add gfxmmu
2023-11-16 12:17:12,615 [INFO] IPUIPlugin:80 - create IPUIPlugin
2023-11-16 12:17:12,615 [INFO] PluginManager:220 - loadIPPluginJar : add genericplugin
2023-11-16 12:17:12,617 [INFO] IPUIPlugin:80 - create IPUIPlugin
2023-11-16 12:17:12,617 [INFO] PluginManager:220 - loadIPPluginJar : add cryp
2023-11-16 12:17:12,619 [INFO] IPUIPlugin:80 - create IPUIPlugin
2023-11-16 12:17:12,619 [INFO] PluginManager:220 - loadIPPluginJar : add gpio
2023-11-16 12:17:12,620 [INFO] IPUIPlugin:80 - create IPUIPlugin
2023-11-16 12:17:12,620 [INFO] PluginManager:220 - loadIPPluginJar : add comp
2023-11-16 12:17:12,621 [INFO] IPUIPlugin:80 - create IPUIPlugin
2023-11-16 12:17:12,621 [INFO] PluginManager:220 - loadIPPluginJar : add tracer_emb
2023-11-16 12:17:12,622 [INFO] IPUIPlugin:80 - create IPUIPlugin
2023-11-16 12:17:12,622 [INFO] PluginManager:220 - loadIPPluginJar : add openamp
2023-11-16 12:17:12,625 [INFO] IPUIPlugin:80 - create IPUIPlugin
2023-11-16 12:17:12,625 [INFO] PluginManager:220 - loadIPPluginJar : add stm32_wpan
2023-11-16 12:17:12,629 [INFO] IPUIPlugin:80 - create IPUIPlugin
2023-11-16 12:17:12,632 [INFO] PluginManager:220 - loadIPPluginJar : add plateformsettings
2023-11-16 12:17:12,634 [INFO] IPUIPlugin:80 - create IPUIPlugin
2023-11-16 12:17:12,634 [INFO] PluginManager:220 - loadIPPluginJar : add ipddr
2023-11-16 12:17:12,637 [INFO] IPUIPlugin:80 - create IPUIPlugin
2023-11-16 12:17:12,638 [INFO] PluginManager:220 - loadIPPluginJar : add usart
2023-11-16 12:17:12,639 [INFO] IPUIPlugin:80 - create IPUIPlugin
2023-11-16 12:17:12,639 [INFO] PluginManager:220 - loadIPPluginJar : add ltdc
2023-11-16 12:17:12,640 [INFO] IPUIPlugin:80 - create IPUIPlugin
2023-11-16 12:17:12,640 [INFO] PluginManager:220 - loadIPPluginJar : add nvic
2023-11-16 12:17:12,641 [INFO] IPUIPlugin:80 - create IPUIPlugin
2023-11-16 12:17:12,641 [INFO] PluginManager:220 - loadIPPluginJar : add fatfs
2023-11-16 12:17:12,644 [INFO] IPUIPlugin:80 - create IPUIPlugin
2023-11-16 12:17:12,644 [INFO] PluginManager:220 - loadIPPluginJar : add linkedlist
2023-11-16 12:17:12,647 [INFO] IPUIPlugin:80 - create IPUIPlugin
2023-11-16 12:17:12,647 [INFO] PluginManager:220 - loadIPPluginJar : add dma
2023-11-16 12:17:12,649 [INFO] IPUIPlugin:80 - create IPUIPlugin
2023-11-16 12:17:12,649 [INFO] PluginManager:220 - loadIPPluginJar : add fmc
2023-11-16 12:17:12,650 [INFO] IPUIPlugin:80 - create IPUIPlugin
2023-11-16 12:17:12,650 [INFO] PluginManager:220 - loadIPPluginJar : add i2s
2023-11-16 12:17:12,651 [INFO] IPUIPlugin:80 - create IPUIPlugin
2023-11-16 12:17:12,651 [INFO] PluginManager:220 - loadIPPluginJar : add ucpd
2023-11-16 12:17:12,652 [INFO] IPUIPlugin:80 - create IPUIPlugin
2023-11-16 12:17:12,652 [INFO] PluginManager:220 - loadIPPluginJar : add lorawan
2023-11-16 12:17:12,653 [INFO] IPUIPlugin:80 - create IPUIPlugin
2023-11-16 12:17:12,653 [INFO] PluginManager:220 - loadIPPluginJar : add opamp
2023-11-16 12:17:12,654 [INFO] IPUIPlugin:80 - create IPUIPlugin
2023-11-16 12:17:12,654 [INFO] PluginManager:220 - loadIPPluginJar : add i3c
2023-11-16 12:17:12,655 [INFO] IPUIPlugin:80 - create IPUIPlugin
2023-11-16 12:17:12,655 [INFO] PluginManager:220 - loadIPPluginJar : add touchsensing
2023-11-16 12:17:12,656 [INFO] IPUIPlugin:80 - create IPUIPlugin
2023-11-16 12:17:12,656 [INFO] PluginManager:220 - loadIPPluginJar : add i2c
2023-11-16 12:17:12,657 [INFO] IPUIPlugin:80 - create IPUIPlugin
2023-11-16 12:17:12,658 [INFO] PluginManager:220 - loadIPPluginJar : add resmgrutility
2023-11-16 12:17:12,659 [INFO] IPUIPlugin:80 - create IPUIPlugin
2023-11-16 12:17:12,659 [INFO] PluginManager:220 - loadIPPluginJar : add sai
2023-11-16 12:17:12,660 [INFO] IPUIPlugin:80 - create IPUIPlugin
2023-11-16 12:17:12,660 [INFO] PluginManager:220 - loadIPPluginJar : add usbx
2023-11-16 12:17:12,770 [INFO] CADModel:165 - CPN selected for project level
2023-11-16 12:17:12,771 [INFO] CADModel:114 - Register for checkConnection events
2023-11-16 12:17:12,771 [FATAL] Updater:308 - Updater called before beeing initialized
2023-11-16 12:17:12,771 [ERROR] CADModel:125 - Updater not yet initialized, retry later 
2023-11-16 12:17:12,942 [INFO] CADModel:165 - CPN selected for project level
2023-11-16 12:17:12,942 [INFO] CADModel:114 - Register for checkConnection events
2023-11-16 12:17:12,942 [FATAL] Updater:308 - Updater called before beeing initialized
2023-11-16 12:17:12,942 [ERROR] CADModel:125 - Updater not yet initialized, retry later 
2023-11-16 12:17:12,945 [FATAL] Updater:308 - Updater called before beeing initialized
2023-11-16 12:17:13,068 [FATAL] Updater:308 - Updater called before beeing initialized
2023-11-16 12:17:13,074 [INFO] DbMcusAds:53 - JSON generation date=Tue Mar 07 03:50:55 EST 2023 (1678179055335)
2023-11-16 12:17:13,074 [FATAL] Updater:308 - Updater called before beeing initialized
2023-11-16 12:17:13,207 [WARN] DetailPanel:346 - Failed to get advertising image, set to default
2023-11-16 12:17:13,272 [FATAL] Updater:308 - Updater called before beeing initialized
2023-11-16 12:17:13,273 [FATAL] Updater:308 - Updater called before beeing initialized
2023-11-16 12:17:13,273 [FATAL] Updater:308 - Updater called before beeing initialized
2023-11-16 12:17:13,273 [WARN] DetailPanel:346 - Failed to get advertising image, set to default
2023-11-16 12:17:13,276 [FATAL] Updater:308 - Updater called before beeing initialized
2023-11-16 12:17:13,328 [ERROR] Updater:1120 - MainUpdater not yet initialized. External WinMGr cannot be set.
2023-11-16 12:17:13,335 [INFO] Updater:1056 - Updater Version found : 6.9.1
2023-11-16 12:17:13,346 [INFO] ApplicationProperties:184 - Using Application install path: /Applications/STM32CubeIDE.app/Contents/Eclipse/plugins/com.st.stm32cube.common.mx_6.9.1.202307191849
2023-11-16 12:17:13,601 [INFO] MainUpdater:2868 - connection check result : 10
2023-11-16 12:17:13,601 [INFO] MainUpdater:3562 - Updater definition file requires update
2023-11-16 12:17:13,602 [INFO] MainUpdater:285 - Updater Check For Update Now.
2023-11-16 12:17:13,602 [INFO] MicroXplorer:498 - Change Database Version : DB.6.0.91
2023-11-16 12:17:13,650 [INFO] ServerAccessManage:473 - Download File updaters.zip
2023-11-16 12:17:13,732 [INFO] FileExtend:240 - Unzip File : updaters.zip
2023-11-16 12:17:13,733 [INFO] FileExtend:255 - Standard Zip Deflate
2023-11-16 12:17:13,903 [INFO] ServerAccessManage:473 - Download File PacksControlFlags.xml
2023-11-16 12:17:14,062 [INFO] ServerAccessManage:473 - Download File cubemx.pidx
2023-11-16 12:17:14,277 [INFO] LoadServerUpdatesThread:373 - End of LoadServerUpdate Thread
2023-11-16 12:17:14,491 [INFO] CheckServerUpdateThread:120 - End of CheckServer Thread
2023-11-16 12:17:14,623 [INFO] MainUpdater:2868 - connection check result : 10
2023-11-16 12:17:14,628 [INFO] MainUpdater:2868 - connection check result : 10
2023-11-16 12:17:14,888 [INFO] MicroXplorer:468 - Change Database Path : 
2023-11-16 12:17:14,888 [INFO] MicroXplorer:498 - Change Database Version : DB.6.0.91
2023-11-16 12:17:14,890 [WARN] ThirdParty:871 - waiting for thirdparty lock release [close project]
2023-11-16 12:17:15,140 [WARN] PackLoader:240 - Cannot read IP mode file for STMicroelectronics.X-CUBE-SMBUS.2.1.0
2023-11-16 12:17:15,188 [WARN] PackLoader:240 - Cannot read IP mode file for STMicroelectronics.X-CUBE-AZRTOS-F7.1.1.0
2023-11-16 12:17:15,219 [WARN] PackLoader:240 - Cannot read IP mode file for STMicroelectronics.FP-SNS-MOTENV1.4.3.2
2023-11-16 12:17:15,254 [WARN] PackLoader:240 - Cannot read IP mode file for STMicroelectronics.X-CUBE-DISPLAY.3.0.0
2023-11-16 12:17:15,293 [WARN] PackLoader:240 - Cannot read IP mode file for emotas.I-CUBE-CANOPEN.1.3.0
2023-11-16 12:17:15,300 [WARN] PackLoader:240 - Cannot read IP mode file for STMicroelectronics.X-CUBE-TOUCHGFX.4.22.0
2023-11-16 12:17:15,304 [WARN] PackLoader:240 - Cannot read IP mode file for STMicroelectronics.X-CUBE-TOUCHGFX.4.22.1
2023-11-16 12:17:15,310 [WARN] PackLoader:240 - Cannot read IP mode file for STMicroelectronics.FP-SNS-SMARTAG2.1.2.0
2023-11-16 12:17:15,328 [INFO] LogOutputStream:77 - [STDOUT_REDIRECT] 1 : Invalid condition id : UX_CORESTACK_Condition cause : null
2023-11-16 12:17:15,330 [INFO] LogOutputStream:77 - [STDOUT_REDIRECT] 1 : Invalid condition id : UX_CORESTACK_Condition cause : null
2023-11-16 12:17:15,331 [INFO] LogOutputStream:77 - [STDOUT_REDIRECT] 1 : Invalid condition id : UX_CORESTACK_Condition cause : null
2023-11-16 12:17:15,331 [INFO] LogOutputStream:77 - [STDOUT_REDIRECT] 1 : Invalid condition id : UX_CORESTACK_Condition cause : null
2023-11-16 12:17:15,331 [INFO] LogOutputStream:77 - [STDOUT_REDIRECT] 1 : Invalid condition id : UX_CORESTACK_Condition cause : null
2023-11-16 12:17:15,347 [WARN] PackLoader:240 - Cannot read IP mode file for STMicroelectronics.X-CUBE-AZRTOS-WL.2.0.0
2023-11-16 12:17:15,364 [WARN] PackLoader:240 - Cannot read IP mode file for WES.I-CUBE-Cesium.1.3.0
2023-11-16 12:17:15,379 [WARN] PackLoader:240 - Cannot read IP mode file for STMicroelectronics.X-CUBE-BLE2.3.3.0
2023-11-16 12:17:15,396 [WARN] PackLoader:240 - Cannot read IP mode file for STMicroelectronics.X-CUBE-ALGOBUILD.1.3.0
2023-11-16 12:17:15,427 [WARN] PackLoader:240 - Cannot read IP mode file for STMicroelectronics.X-CUBE-AZRTOS-G0.1.1.0
2023-11-16 12:17:15,440 [WARN] PackLoader:240 - Cannot read IP mode file for STMicroelectronics.X-CUBE-NFC4.3.0.0
2023-11-16 12:17:15,467 [WARN] PackLoader:240 - Cannot read IP mode file for STMicroelectronics.X-CUBE-BLEMGR.3.0.0
2023-11-16 12:17:15,483 [WARN] PackLoader:240 - Cannot read IP mode file for STMicroelectronics.FP-ATR-SIGFOX1.3.2.0
2023-11-16 12:17:15,578 [WARN] PackLoader:240 - Cannot read IP mode file for SEGGER.I-CUBE-embOS.1.3.1
2023-11-16 12:17:15,636 [WARN] PackLoader:240 - Cannot read IP mode file for STMicroelectronics.X-CUBE-GNSS1.6.0.0
2023-11-16 12:17:15,661 [WARN] PackLoader:240 - Cannot read IP mode file for STMicroelectronics.X-CUBE-AZRTOS-F4.1.1.0
2023-11-16 12:17:15,762 [WARN] PackLoader:240 - Cannot read IP mode file for STMicroelectronics.X-CUBE-MEMS1.9.6.0
2023-11-16 12:17:15,887 [WARN] PackLoader:240 - Cannot read IP mode file for STMicroelectronics.X-CUBE-EEPRMA1.4.2.0
2023-11-16 12:17:15,891 [WARN] PackLoader:240 - Cannot read IP mode file for ITTIA_DB.I-CUBE-ITTIADB.8.8.0
2023-11-16 12:17:15,901 [WARN] PackLoader:240 - Cannot read IP mode file for STMicroelectronics.X-CUBE-BLEMGR.2.0.0
2023-11-16 12:17:15,926 [WARN] ConditionMgr:438 - getConditionDescription Invalid condition id : UX DEVICE CLASS RTOS Condition cause : null
2023-11-16 12:17:15,926 [WARN] ConditionMgr:438 - getConditionDescription Invalid condition id : UX DEVICE CLASS RTOS Condition cause : null
2023-11-16 12:17:15,931 [WARN] PackLoader:240 - Cannot read IP mode file for STMicroelectronics.X-CUBE-AZRTOS-H7.3.1.0
2023-11-16 12:17:15,936 [WARN] ConditionMgr:1039 - genDependencies : Invalid condition id : UX DEVICE CLASS RTOS Condition cause : null
2023-11-16 12:17:15,936 [WARN] ConditionMgr:1039 - genDependencies : Invalid condition id : UX DEVICE CLASS RTOS Condition cause : null
2023-11-16 12:17:15,937 [WARN] ConditionMgr:1039 - genDependencies : Invalid condition id : UX DEVICE CLASS RTOS Condition cause : null
2023-11-16 12:17:15,938 [WARN] ConditionMgr:1039 - genDependencies : Invalid condition id : UX DEVICE CLASS RTOS Condition cause : null
2023-11-16 12:17:15,938 [WARN] ConditionMgr:1039 - genDependencies : Invalid condition id : UX DEVICE CLASS RTOS Condition cause : null
2023-11-16 12:17:15,944 [WARN] PackLoader:240 - Cannot read IP mode file for STMicroelectronics.X-CUBE-NFC7.1.0.1
2023-11-16 12:17:15,952 [WARN] PackLoader:240 - Cannot read IP mode file for STMicroelectronics.X-CUBE-NFC6.3.0.0
2023-11-16 12:17:15,966 [WARN] PackLoader:240 - Cannot read IP mode file for STMicroelectronics.X-CUBE-EEPRMA1.4.1.0
2023-11-16 12:17:15,993 [WARN] ConditionMgr:438 - getConditionDescription Invalid condition id : LAN8742 Phy interface Condition cause : null
2023-11-16 12:17:15,994 [WARN] PackLoader:240 - Cannot read IP mode file for STMicroelectronics.X-CUBE-AZRTOS-L4.2.0.0
2023-11-16 12:17:15,996 [WARN] ConditionMgr:1039 - genDependencies : Invalid condition id : LAN8742 Phy interface Condition cause : null
2023-11-16 12:17:15,997 [WARN] ConditionMgr:1039 - genDependencies : Invalid condition id : LAN8742 Phy interface Condition cause : null
2023-11-16 12:17:15,997 [WARN] ConditionMgr:1039 - genDependencies : Invalid condition id : LAN8742 Phy interface Condition cause : null
2023-11-16 12:17:16,015 [WARN] PackLoader:240 - Cannot read IP mode file for STMicroelectronics.X-CUBE-SFXS2LP1.4.0.0
2023-11-16 12:17:16,027 [WARN] PackLoader:240 - Cannot read IP mode file for STMicroelectronics.X-CUBE-ISPU.1.1.0
2023-11-16 12:17:16,037 [WARN] PackLoader:240 - Cannot read IP mode file for STMicroelectronics.X-CUBE-SUBG2.5.0.0
2023-11-16 12:17:16,064 [WARN] PackLoader:240 - Cannot read IP mode file for STMicroelectronics.X-CUBE-AZRTOS-G4.2.0.0
2023-11-16 12:17:16,081 [WARN] PackLoader:240 - Cannot read IP mode file for Infineon.AIROC-Wi-Fi-Bluetooth-STM32.1.5.1
2023-11-16 12:17:16,093 [WARN] PackLoader:240 - Cannot read IP mode file for STMicroelectronics.FP-SNS-MOTENVWB1.1.3.0
2023-11-16 12:17:16,153 [WARN] PackLoader:240 - Cannot read IP mode file for STMicroelectronics.X-CUBE-MEMS1.10.0.0
2023-11-16 12:17:16,240 [WARN] PackLoader:240 - Cannot read IP mode file for portGmbH.I-Cube-SoM-uGOAL.1.1.0
2023-11-16 12:17:16,246 [WARN] PackLoader:240 - Cannot read IP mode file for STMicroelectronics.X-CUBE-ALS.1.0.1
2023-11-16 12:17:16,250 [WARN] PackLoader:240 - Cannot read IP mode file for STMicroelectronics.FP-ATR-ASTRA1.2.0.0
2023-11-16 12:17:16,251 [INFO] ThirdParty:978 - Integrity check success = true
2023-11-16 12:17:16,251 [INFO] IntegrityCheckThread:100 - exiting critical section [integrity check]
2023-11-16 12:17:16,251 [INFO] IntegrityCheckThread:103 - End integrity checks thread
2023-11-16 12:17:16,252 [INFO] ThirdParty:873 - entering critical section [close project]
2023-11-16 12:17:16,254 [INFO] ThirdParty:883 - exiting critical section [close project]
2023-11-16 12:17:16,260 [INFO] PinOutPanel:1499 - setPackage(No Configuration,No Configuration)
2023-11-16 12:17:16,293 [INFO] UtilMem:75 - Begin LoadConfig() Used Memory: 157380912 Bytes (429916160)
2023-11-16 12:17:16,295 [INFO] MicroXplorer:468 - Change Database Path : 
2023-11-16 12:17:16,296 [INFO] MicroXplorer:498 - Change Database Version : DB.6.0.91
2023-11-16 12:17:16,296 [INFO] OpenFileManager:308 - Change cursor
2023-11-16 12:17:16,363 [INFO] Mcu:1946 - Initializing MCU STM32L4R5ZITxP STM32L4R5ZITxP STM32L4R5ZIT6P
2023-11-16 12:17:18,496 [INFO] Context:659 - Trying to add GPIOservice into a context  which must be forbidden
2023-11-16 12:17:19,766 [INFO] RtosManager:555 - Registered RTOS mode: class=CMSIS, group=RTOS, mode=CMSIS_V1, owner=FREERTOS
2023-11-16 12:17:19,768 [INFO] RtosManager:555 - Registered RTOS mode: class=CMSIS, group=RTOS2, mode=CMSIS_V2, owner=FREERTOS
2023-11-16 12:17:19,768 [INFO] RtosManager:555 - Registered RTOS mode: class=RTOS, group=Core, mode=CMSIS_V1, owner=FREERTOS
2023-11-16 12:17:19,768 [INFO] RtosManager:555 - Registered RTOS mode: class=RTOS, group=Core, mode=CMSIS_V2, owner=FREERTOS
2023-11-16 12:17:19,768 [WARN] ModelIntegratedComponent:184 - Missing modes for component STMicroelectronics:FreeRTOS:0.0.1:STMicroelectronics:RTOS:FreeRTOS:Core:::10.2.0:
2023-11-16 12:17:19,778 [WARN] ModelIntegratedComponent:63 - No mode defined for component null
2023-11-16 12:17:19,779 [WARN] ModelIntegratedComponent:63 - No mode defined for component null
2023-11-16 12:17:19,779 [WARN] ModelIntegratedComponent:63 - No mode defined for component null
2023-11-16 12:17:19,779 [WARN] ModelIntegratedComponent:63 - No mode defined for component null
2023-11-16 12:17:19,779 [WARN] ModelIntegratedComponent:63 - No mode defined for component null
2023-11-16 12:17:19,779 [WARN] ModelIntegratedComponent:63 - No mode defined for component null
2023-11-16 12:17:19,779 [WARN] ModelIntegratedComponent:63 - No mode defined for component null
2023-11-16 12:17:19,779 [WARN] ModelIntegratedComponent:63 - No mode defined for component null
2023-11-16 12:17:19,779 [WARN] ModelIntegratedComponent:63 - No mode defined for component null
2023-11-16 12:17:19,779 [WARN] ModelIntegratedComponent:63 - No mode defined for component null
2023-11-16 12:17:19,779 [WARN] ModelIntegratedComponent:63 - No mode defined for component null
2023-11-16 12:17:19,779 [WARN] ModelIntegratedComponent:63 - No mode defined for component null
2023-11-16 12:17:19,779 [WARN] ModelIntegratedComponent:63 - No mode defined for component null
2023-11-16 12:17:19,779 [WARN] ModelIntegratedComponent:63 - No mode defined for component null
2023-11-16 12:17:19,779 [WARN] ModelIntegratedComponent:63 - No mode defined for component null
2023-11-16 12:17:19,779 [WARN] ModelIntegratedComponent:63 - No mode defined for component null
2023-11-16 12:17:19,779 [WARN] ModelIntegratedComponent:63 - No mode defined for component null
2023-11-16 12:17:19,779 [WARN] ModelIntegratedComponent:63 - No mode defined for component null
2023-11-16 12:17:19,779 [WARN] ModelIntegratedComponent:63 - No mode defined for component null
2023-11-16 12:17:19,779 [WARN] ModelIntegratedComponent:63 - No mode defined for component null
2023-11-16 12:17:19,779 [WARN] ModelIntegratedComponent:63 - No mode defined for component null
2023-11-16 12:17:19,779 [WARN] ModelIntegratedComponent:63 - No mode defined for component null
2023-11-16 12:17:19,779 [WARN] ModelIntegratedComponent:63 - No mode defined for component null
2023-11-16 12:17:19,779 [WARN] ModelIntegratedComponent:63 - No mode defined for component null
2023-11-16 12:17:19,779 [WARN] ModelIntegratedComponent:63 - No mode defined for component null
2023-11-16 12:17:19,779 [WARN] ModelIntegratedComponent:63 - No mode defined for component null
2023-11-16 12:17:19,779 [WARN] ModelIntegratedComponent:63 - No mode defined for component null
2023-11-16 12:17:19,779 [WARN] ModelIntegratedComponent:63 - No mode defined for component null
2023-11-16 12:17:19,779 [WARN] ModelIntegratedComponent:63 - No mode defined for component null
2023-11-16 12:17:19,779 [WARN] ModelIntegratedComponent:63 - No mode defined for component null
2023-11-16 12:17:19,779 [WARN] ModelIntegratedComponent:63 - No mode defined for component null
2023-11-16 12:17:19,779 [WARN] ModelIntegratedComponent:63 - No mode defined for component null
2023-11-16 12:17:19,779 [WARN] ModelIntegratedComponent:63 - No mode defined for component null
2023-11-16 12:17:19,881 [INFO] ThirdPartyModel:298 - Start build external matchings
2023-11-16 12:17:20,184 [INFO] ThirdPartyModel:316 - End build external matchings
2023-11-16 12:17:20,577 [INFO] UtilMem:75 - End LoadConfig() Used Memory: 269418424 Bytes (429916160)
2023-11-16 12:17:20,841 [INFO] ApiDb:581 - Connected to CubeFinder SQLite database (/Users/cpgvega/.stmcufinder/plugins/mcufinder/mcu/cube-finder-db.db)
2023-11-16 12:17:20,881 [INFO] ApiDb:668 - CubeFinder database Data Model version=2.1
2023-11-16 12:17:20,882 [INFO] ApiDb:669 - CubeFinder database Configuration version=3.0.37
2023-11-16 12:17:20,882 [INFO] ApiDb:670 - CubeFinder database generation date=2023-10-13 (1697197505)
2023-11-16 12:17:20,882 [INFO] ApiDb:671 - CubeFinder database FW Pack versions=[FP-ATR-ASTRA1_V2.0.0, FP-SNS-FLIGHT1_V5.0.1, FP-SNS-FLIGHT1_V5.0.2, FP-SNS-MOTENV1_V4.3.1, FP-SNS-MOTENV1_V4.3.2, FP-SNS-SMARTAG2_V1.2.0, I-CUBE-ITTIADB_V8.6.3-1, STM32Cube_FW_C0_V1.1.0, STM32Cube_FW_F4_V1.27.1, STM32Cube_FW_F7_V1.17.0, STM32Cube_FW_G0_V1.6.1, STM32Cube_FW_G4_V1.5.1, STM32Cube_FW_H5_V0.5.1, STM32Cube_FW_H5_V1.1.1, STM32Cube_FW_H7_V1.11.0, STM32Cube_FW_L0_V1.12.2, STM32Cube_FW_L5_V1.5.0, STM32Cube_FW_U5_V1.3.0, STM32Cube_FW_U5_V1.3.0RC4, STM32Cube_FW_WBA_V1.0.0RC1, STM32Cube_FW_WBA_V1.1.0RC1, STM32Cube_FW_WBA_V1.1.1, STM32Cube_FW_WB_V1.15.0RC1, STM32Cube_FW_WB_V1.16.0, STM32Cube_FW_WB_V1.16.0RC2, STM32Cube_FW_WB_V1.17.3, STM32Cube_FW_WL_V1.3.0, X-CUBE-ALGOBUILD_V1.3.0, X-CUBE-ALS_V1.0.1, X-CUBE-AZRTOS-F4_V1.1.0, X-CUBE-AZRTOS-F7_V1.1.0, X-CUBE-AZRTOS-G0_V1.1.0, X-CUBE-AZRTOS-G4_V2.0.0, X-CUBE-AZRTOS-H7_V3.1.0, X-CUBE-AZRTOS-L4_V1.0.0, X-CUBE-AZRTOS-L4_V2.0.0, X-CUBE-AZRTOS-L5_V1.1.0, X-CUBE-AZRTOS-WB_V2.0.0, X-CUBE-AZRTOS-WL_V2.0.0, X-CUBE-BLE1_V7.0.0, X-CUBE-BLE2_V3.3.0, X-CUBE-BLEMGR_V2.0.0, X-CUBE-EEPRMA1_V4.1.0, X-CUBE-FREERTOS_V1.1.0, X-CUBE-GNSS1_V6.0.0, X-CUBE-MEMS1_V10.0.0, X-CUBE-MEMS1_V9.1.0, X-CUBE-MEMS1_V9.4.0, X-CUBE-MEMS1_V9.6.0, X-CUBE-NFC4_V3.0.0, X-CUBE-NFC7_V1.0.1, X-CUBE-SFXS2LP1_V4.0.0, X-CUBE-SUBG2_V5.0.0, X-CUBE-TOF1_V3.3.1]
2023-11-16 12:17:21,936 [INFO] ApiDb:240 - Found 323 in-development CPN: [B-G473E-ZEST1S, B-WB1M-WPAN1, B-WL5M-SUBG1, NUCLEO-C031C6, NUCLEO-H503RB, NUCLEO-H563ZI, NUCLEO-U545RE-Q, NUCLEO-U5A5ZJ-Q, NUCLEO-WBA52CG, STEVAL-PROTEUS1, STEVAL-SMARTAG2, STEVAL-STWINBX1, STM320518-EVAL, STM32C0116-DK, STM32C011D6Y3TR, STM32C011D6Y6TR, STM32C011F4P3, STM32C011F4P6, STM32C011F4U3, STM32C011F4U6TR, STM32C011F6P3, STM32C011F6P6, STM32C011F6U3, STM32C011F6U6TR, STM32C011J4M3, STM32C011J4M6, STM32C011J6M3, STM32C011J6M6, STM32C0316-DK, STM32C031C4T3, STM32C031C4T6, STM32C031C4U3, STM32C031C4U6, STM32C031C6T3, STM32C031C6T6, STM32C031C6U3, STM32C031C6U6, STM32C031F4P3, STM32C031F4P6, STM32C031F6P3, STM32C031F6P6, STM32C031G4U3, STM32C031G4U6, STM32C031G6U3, STM32C031G6U6, STM32C031K4T3, STM32C031K4T6, STM32C031K4U3, STM32C031K4U6, STM32C031K6T3, STM32C031K6T6, STM32C031K6U3, STM32C031K6U6, STM32G071K8TXN, STM32G071K8UXN, STM32G081GBU6N, STM32G081KBT6N, STM32G081KBUXN, STM32G0B1CCT6N, STM32G0B1KCT6, STM32G0B1NEY6TR, STM32G0B1RCT6N, STM32G0C1CCT6, STM32G0C1CCT6N, STM32G0C1CCU6N, STM32G0C1CET6N, STM32G0C1CEU6N, STM32G0C1KCT6, STM32G0C1NEY6TR, STM32G0C1RCI6N, STM32G0C1RCT6N, STM32G0C1REI6N, STM32G0C1RET6N, STM32G0C1VCI6, STM32G0C1VEI6, STM32G471CCT6, STM32G471CCU6, STM32G471CET3, STM32G471CET6, STM32G471CEU3, STM32G471CEU6, STM32G471MCT6, STM32G471MET3, STM32G471MET6, STM32G471MEY6TR, STM32G471QCT6, STM32G471QET3, STM32G471RCT6, STM32G471RET3, STM32G471RET6, STM32G471VCH6, STM32G471VCI6, STM32G471VCT6, STM32G471VEH3, STM32G471VEH6, STM32G471VEI3, STM32G471VEI6, STM32G471VET3, STM32G471VET6, STM32G474CCT6, STM32H503CBT6, STM32H503CBU6, STM32H503EBY6TR, STM32H503KBU6, STM32H503RBT6, STM32H562AGI6, STM32H562AII6, STM32H562IGK6, STM32H562IGT6, STM32H562IIK6, STM32H562IIT6, STM32H562RGT6, STM32H562RGV6, STM32H562RIT6, STM32H562RIV6, STM32H562VGT6, STM32H562VIT6, STM32H562ZGT6, STM32H562ZIT6, STM32H563AGI6, STM32H563AII3Q, STM32H563AII6, STM32H563IGK6, STM32H563IGT6, STM32H563IIK3Q, STM32H563IIK6, STM32H563IIT3Q, STM32H563IIT6, STM32H563MIY3QTR, STM32H563RGT6, STM32H563RGV6, STM32H563RIT6, STM32H563RIV6, STM32H563VGT6, STM32H563VIT3Q, STM32H563VIT6, STM32H563ZGT6, STM32H563ZIT3Q, STM32H563ZIT6, STM32H573AII3Q, STM32H573AII6, STM32H573I-DK, STM32H573IIK3Q, STM32H573IIK6, STM32H573IIT3Q, STM32H573IIT6, STM32H573MIY3QTR, STM32H573RIT6, STM32H573RIV6, STM32H573VIT3Q, STM32H573VIT6, STM32H573ZIT3Q, STM32H573ZIT6, STM32L4R5QGI6STR, STM32MP131AAE3, STM32MP131AAF3, STM32MP131AAG3, STM32MP131CAE3, STM32MP131CAF3, STM32MP131CAG3, STM32MP131DAE7, STM32MP131DAF7, STM32MP131DAG7, STM32MP131FAE7, STM32MP131FAF7, STM32MP131FAG7, STM32MP133AAE3, STM32MP133AAF3, STM32MP133AAG3, STM32MP133CAE3, STM32MP133CAF3, STM32MP133CAG3, STM32MP133DAE7, STM32MP133DAF7, STM32MP133DAG7, STM32MP133FAE7, STM32MP133FAF7, STM32MP133FAG7, STM32MP135AAE3, STM32MP135AAF3, STM32MP135AAG3, STM32MP135CAE3, STM32MP135CAF3, STM32MP135CAG3, STM32MP135DAE7, STM32MP135DAF7, STM32MP135DAG7, STM32MP135F-DK, STM32MP135FAE7, STM32MP135FAF7, STM32MP135FAF7T, STM32MP135FAF7U, STM32MP135FAG7, STM32U535CBT6, STM32U535CBT6Q, STM32U535CBU6, STM32U535CBU6Q, STM32U535CCT6, STM32U535CCT6Q, STM32U535CCU6, STM32U535CCU6Q, STM32U535CET6, STM32U535CET6Q, STM32U535CEU6, STM32U535CEU6Q, STM32U535JEY6QTR, STM32U535NCY6QTR, STM32U535NEY6QTR, STM32U535RBI6, STM32U535RBI6Q, STM32U535RBT6, STM32U535RBT6Q, STM32U535RCI6, STM32U535RCI6Q, STM32U535RCT6, STM32U535RCT6Q, STM32U535REI6, STM32U535REI6Q, STM32U535RET6, STM32U535RET6Q, STM32U535VCI6, STM32U535VCI6Q, STM32U535VCT6, STM32U535VCT6Q, STM32U535VEI6, STM32U535VEI6Q, STM32U535VET6, STM32U535VET6Q, STM32U545CET6, STM32U545CET6Q, STM32U545CEU6, STM32U545CEU6Q, STM32U545JEY6QTR, STM32U545NEY6QTR, STM32U545REI6, STM32U545REI6Q, STM32U545RET6, STM32U545RET6Q, STM32U545VEI6, STM32U545VEI6Q, STM32U545VET6, STM32U545VET6Q, STM32U595AIH6, STM32U595AIH6Q, STM32U595AJH6, STM32U595AJH6Q, STM32U595QII6, STM32U595QII6Q, STM32U595QJI6, STM32U595QJI6Q, STM32U595RIT6, STM32U595RIT6Q, STM32U595RJT6, STM32U595RJT6Q, STM32U595VIT6, STM32U595VIT6Q, STM32U595VJT6, STM32U595VJT6Q, STM32U595ZIT6, STM32U595ZIT6Q, STM32U595ZIY6QTR, STM32U595ZJT6, STM32U595ZJT6Q, STM32U595ZJY6QTR, STM32U599BJY6QTR, STM32U599NIH6Q, STM32U599NJH6Q, STM32U599VIT6Q, STM32U599VJT6, STM32U599VJT6Q, STM32U599ZIT6Q, STM32U599ZIY6QTR, STM32U599ZJT6Q, STM32U599ZJY6QTR, STM32U5A5AJH6, STM32U5A5AJH6Q, STM32U5A5QJI6, STM32U5A5QJI6Q, STM32U5A5RJT6, STM32U5A5RJT6Q, STM32U5A5VJT6, STM32U5A5VJT6Q, STM32U5A5ZJT6, STM32U5A5ZJT6Q, STM32U5A5ZJY6QTR, STM32U5A9BJY6QTR, STM32U5A9J-DK, STM32U5A9NJH6Q, STM32U5A9VJT6Q, STM32U5A9ZJT6Q, STM32U5A9ZJY6QTR, STM32U5F7VIT6, STM32U5F7VIT6Q, STM32U5F7VJT6, STM32U5F7VJT6Q, STM32U5F9BJY6QTR, STM32U5F9NJH6Q, STM32U5F9VIT6Q, STM32U5F9VJT6Q, STM32U5F9ZIJ6QTR, STM32U5F9ZIT6Q, STM32U5F9ZJJ6QTR, STM32U5F9ZJT6Q, STM32U5G7VJT6, STM32U5G7VJT6Q, STM32U5G9BJY6QTR, STM32U5G9J-DK1, STM32U5G9J-DK2, STM32U5G9NJH6Q, STM32U5G9VJT6Q, STM32U5G9ZJJ6QTR, STM32U5G9ZJT6Q, STM32WB1MMCH6, STM32WBA52CEU6, STM32WBA52CEU6T, STM32WBA52CGU6, STM32WBA52CGU6T, STM32WBA52KEU6, STM32WBA52KEU6T, STM32WBA52KGU6, STM32WBA52KGU6T, STM32WL5MOCH6, STM32WL5MOCH6TR]
2023-11-16 12:17:21,949 [INFO] DbMcus:217 - Found 3848 MCUs, 3848 are supported
2023-11-16 12:17:21,950 [INFO] ApiDb:423 - Load user favorites file /Users/cpgvega/.stm32cubeide/favorites.mcus.txt: 0 item(s)
2023-11-16 12:17:21,951 [INFO] ApiDb:427 - User favorites MCUs=[]
2023-11-16 12:17:21,951 [INFO] DbMcus:223 - Set 0 / 0 favorites MCUs
2023-11-16 12:17:22,231 [WARN] ThirdParty:833 - waiting for thirdparty lock release [change project]
2023-11-16 12:17:22,232 [INFO] ThirdParty:835 - entering critical section [change project]
2023-11-16 12:17:22,232 [INFO] ThirdParty:1030 - CMSIS Pack Vendor :STMicroelectronics X-CUBE-ISPU 1.1.0
2023-11-16 12:17:22,232 [INFO] ThirdParty:1030 - CMSIS Pack Vendor :STMicroelectronics USBPD 4.1
2023-11-16 12:17:22,232 [INFO] ThirdParty:1030 - CMSIS Pack Vendor :STMicroelectronics X-CUBE-GNSS1 6.0.0
2023-11-16 12:17:22,232 [INFO] ThirdParty:1030 - CMSIS Pack Vendor :STMicroelectronics USB_HOST 2.0.0
2023-11-16 12:17:22,232 [INFO] ThirdParty:1030 - CMSIS Pack Vendor :STMicroelectronics X-CUBE-AZRTOS-F4 1.1.0
2023-11-16 12:17:22,232 [INFO] ThirdParty:1030 - CMSIS Pack Vendor :STMicroelectronics LIBJPEG 8.0.0
2023-11-16 12:17:22,232 [INFO] ThirdParty:1030 - CMSIS Pack Vendor :STMicroelectronics X-CUBE-SMBUS 2.1.0
2023-11-16 12:17:22,232 [INFO] ThirdParty:1030 - CMSIS Pack Vendor :STMicroelectronics USB_DEVICE 3.0.0
2023-11-16 12:17:22,232 [INFO] ThirdParty:1030 - CMSIS Pack Vendor :STMicroelectronics X-CUBE-AZRTOS-F7 1.1.0
2023-11-16 12:17:22,232 [INFO] ThirdParty:1030 - CMSIS Pack Vendor :STMicroelectronics USB_DEVICE 2.0.0
2023-11-16 12:17:22,232 [INFO] ThirdParty:1030 - CMSIS Pack Vendor :STMicroelectronics X-CUBE-MEMS1 9.6.0
2023-11-16 12:17:22,232 [INFO] ThirdParty:1030 - CMSIS Pack Vendor :STMicroelectronics X-CUBE-EEPRMA1 4.2.0
2023-11-16 12:17:22,232 [INFO] ThirdParty:1030 - CMSIS Pack Vendor :ITTIA_DB I-CUBE-ITTIADB 8.8.0
2023-11-16 12:17:22,232 [INFO] ThirdParty:1030 - CMSIS Pack Vendor :STMicroelectronics FP-SNS-MOTENV1 4.3.2
2023-11-16 12:17:22,232 [INFO] ThirdParty:1030 - CMSIS Pack Vendor :STMicroelectronics X-CUBE-ALGOBUILD 1.3.0
2023-11-16 12:17:22,232 [INFO] ThirdParty:1030 - CMSIS Pack Vendor :STMicroelectronics FreeRTOS 0.0.1
2023-11-16 12:17:22,232 [INFO] ThirdParty:1030 - CMSIS Pack Vendor :STMicroelectronics X-CUBE-AZRTOS-G0 1.1.0
2023-11-16 12:17:22,232 [INFO] ThirdParty:1030 - CMSIS Pack Vendor :STMicroelectronics X-CUBE-BLEMGR 2.0.0
2023-11-16 12:17:22,232 [INFO] ThirdParty:1030 - CMSIS Pack Vendor :STMicroelectronics X-CUBE-NFC4 3.0.0
2023-11-16 12:17:22,233 [INFO] ThirdParty:1030 - CMSIS Pack Vendor :STMicroelectronics X-CUBE-SUBG2 5.0.0
2023-11-16 12:17:22,233 [INFO] ThirdParty:1030 - CMSIS Pack Vendor :STMicroelectronics STM32_WPAN 1.0.0
2023-11-16 12:17:22,233 [INFO] ThirdParty:1030 - CMSIS Pack Vendor :STMicroelectronics lwIP 2.0.3
2023-11-16 12:17:22,233 [INFO] ThirdParty:1030 - CMSIS Pack Vendor :STMicroelectronics USB_HOST 1.0.0
2023-11-16 12:17:22,233 [INFO] ThirdParty:1030 - CMSIS Pack Vendor :STMicroelectronics X-CUBE-AZRTOS-G4 2.0.0
2023-11-16 12:17:22,233 [INFO] ThirdParty:1030 - CMSIS Pack Vendor :STMicroelectronics PDM2PCM 3.1.0
2023-11-16 12:17:22,233 [INFO] ThirdParty:1030 - CMSIS Pack Vendor :STMicroelectronics X-CUBE-AZRTOS-H7 3.1.0
2023-11-16 12:17:22,233 [INFO] ThirdParty:1030 - CMSIS Pack Vendor :Infineon AIROC-Wi-Fi-Bluetooth-STM32 1.5.1
2023-11-16 12:17:22,233 [INFO] ThirdParty:1030 - CMSIS Pack Vendor :STMicroelectronics X-CUBE-BLEMGR 3.0.0
2023-11-16 12:17:22,233 [INFO] ThirdParty:1030 - CMSIS Pack Vendor :STMicroelectronics PDM2PCM 3.3.0
2023-11-16 12:17:22,233 [INFO] ThirdParty:1030 - CMSIS Pack Vendor :STMicroelectronics X-CUBE-DISPLAY 3.0.0
2023-11-16 12:17:22,233 [INFO] ThirdParty:1030 - CMSIS Pack Vendor :STMicroelectronics FP-SNS-MOTENVWB1 1.3.0
2023-11-16 12:17:22,233 [INFO] ThirdParty:1030 - CMSIS Pack Vendor :STMicroelectronics FP-ATR-SIGFOX1 3.2.0
2023-11-16 12:17:22,233 [INFO] ThirdParty:1030 - CMSIS Pack Vendor :STMicroelectronics HAL Drivers 0.0.0
2023-11-16 12:17:22,233 [INFO] ThirdParty:1030 - CMSIS Pack Vendor :STMicroelectronics MBEDTLS 2.16.2
2023-11-16 12:17:22,233 [INFO] ThirdParty:1030 - CMSIS Pack Vendor :emotas I-CUBE-CANOPEN 1.3.0
2023-11-16 12:17:22,233 [INFO] ThirdParty:1030 - CMSIS Pack Vendor :STMicroelectronics X-CUBE-MEMS1 10.0.0
2023-11-16 12:17:22,233 [INFO] ThirdParty:1030 - CMSIS Pack Vendor :STMicroelectronics X-CUBE-TOUCHGFX 4.22.0
2023-11-16 12:17:22,233 [INFO] ThirdParty:1030 - CMSIS Pack Vendor :STMicroelectronics X-CUBE-NFC7 1.0.1
2023-11-16 12:17:22,233 [INFO] ThirdParty:1030 - CMSIS Pack Vendor :STMicroelectronics MBEDTLS 2.14.1
2023-11-16 12:17:22,233 [INFO] ThirdParty:1030 - CMSIS Pack Vendor :STMicroelectronics X-CUBE-TOUCHGFX 4.22.1
2023-11-16 12:17:22,233 [INFO] ThirdParty:1030 - CMSIS Pack Vendor :STMicroelectronics X-CUBE-NFC6 3.0.0
2023-11-16 12:17:22,233 [INFO] ThirdParty:1030 - CMSIS Pack Vendor :STMicroelectronics X-CUBE-EEPRMA1 4.1.0
2023-11-16 12:17:22,233 [INFO] ThirdParty:1030 - CMSIS Pack Vendor :portGmbH I-Cube-SoM-uGOAL 1.1.0
2023-11-16 12:17:22,233 [INFO] ThirdParty:1030 - CMSIS Pack Vendor :STMicroelectronics X-CUBE-ALS 1.0.1
2023-11-16 12:17:22,233 [INFO] ThirdParty:1030 - CMSIS Pack Vendor :STMicroelectronics ThreadX 1.0.0
2023-11-16 12:17:22,233 [INFO] ThirdParty:1030 - CMSIS Pack Vendor :STMicroelectronics FP-SNS-SMARTAG2 1.2.0
2023-11-16 12:17:22,233 [INFO] ThirdParty:1030 - CMSIS Pack Vendor :STMicroelectronics X-CUBE-AZRTOS-WL 2.0.0
2023-11-16 12:17:22,233 [INFO] ThirdParty:1030 - CMSIS Pack Vendor :SEGGER I-CUBE-embOS 1.3.1
2023-11-16 12:17:22,233 [INFO] ThirdParty:1030 - CMSIS Pack Vendor :STMicroelectronics USB_DEVICE 1.0.0
2023-11-16 12:17:22,233 [INFO] ThirdParty:1030 - CMSIS Pack Vendor :STMicroelectronics X-CUBE-AZRTOS-L4 2.0.0
2023-11-16 12:17:22,233 [INFO] ThirdParty:1030 - CMSIS Pack Vendor :STMicroelectronics ThreadX 0.0.2
2023-11-16 12:17:22,233 [INFO] ThirdParty:1030 - CMSIS Pack Vendor :WES I-CUBE-Cesium 1.3.0
2023-11-16 12:17:22,233 [INFO] ThirdParty:1030 - CMSIS Pack Vendor :STMicroelectronics FP-ATR-ASTRA1 2.0.0
2023-11-16 12:17:22,233 [INFO] ThirdParty:1030 - CMSIS Pack Vendor :STMicroelectronics lwIP 2.1.2
2023-11-16 12:17:22,233 [INFO] ThirdParty:1030 - CMSIS Pack Vendor :STMicroelectronics X-CUBE-SFXS2LP1 4.0.0
2023-11-16 12:17:22,233 [INFO] ThirdParty:1030 - CMSIS Pack Vendor :STMicroelectronics X-CUBE-BLE2 3.3.0
2023-11-16 12:17:22,233 [INFO] ThirdParty:1030 - CMSIS Pack Vendor :STMicroelectronics PDM2PCM 3.2.0
2023-11-16 12:17:22,235 [INFO] ThirdParty:841 - exiting critical section [change project]
2023-11-16 12:17:23,389 [INFO] PinOutPanel:1499 - setPackage(No Configuration,No Configuration)
2023-11-16 12:17:23,398 [INFO] PinOutPanel:1499 - setPackage(STM32L4R5ZITxP,LQFP144)
2023-11-16 12:17:24,266 [INFO] UtilMem:75 - Before build in PCC Used Memory: 307894872 Bytes (429916160)
2023-11-16 12:17:25,477 [INFO] UtilMem:75 - After build in PCC Used Memory: 276368896 Bytes (429916160)
2023-11-16 12:17:25,553 [INFO] IPUIPlugin:80 - create IPUIPlugin
2023-11-16 12:17:25,554 [INFO] IPUIPlugin:80 - create IPUIPlugin
2023-11-16 12:17:25,554 [INFO] IPUIPlugin:80 - create IPUIPlugin
2023-11-16 12:17:25,555 [INFO] IPUIPlugin:80 - create IPUIPlugin
2023-11-16 12:17:25,555 [INFO] IPUIPlugin:80 - create IPUIPlugin
2023-11-16 12:17:25,555 [INFO] IPUIPlugin:80 - create IPUIPlugin
2023-11-16 12:17:25,556 [INFO] IPUIPlugin:80 - create IPUIPlugin
2023-11-16 12:17:25,557 [INFO] IPUIPlugin:80 - create IPUIPlugin
2023-11-16 12:17:25,558 [INFO] IPUIPlugin:80 - create IPUIPlugin
2023-11-16 12:17:25,559 [INFO] IPUIPlugin:80 - create IPUIPlugin
2023-11-16 12:17:25,559 [INFO] IPUIPlugin:80 - create IPUIPlugin
2023-11-16 12:17:25,559 [INFO] IPUIPlugin:80 - create IPUIPlugin
2023-11-16 12:17:25,559 [INFO] IPUIPlugin:80 - create IPUIPlugin
2023-11-16 12:17:25,559 [INFO] IPUIPlugin:80 - create IPUIPlugin
2023-11-16 12:17:25,561 [INFO] IPUIPlugin:80 - create IPUIPlugin
2023-11-16 12:17:25,561 [INFO] IPUIPlugin:80 - create IPUIPlugin
2023-11-16 12:17:25,561 [INFO] IPUIPlugin:80 - create IPUIPlugin
2023-11-16 12:17:25,561 [INFO] IPUIPlugin:80 - create IPUIPlugin
2023-11-16 12:17:25,561 [INFO] IPUIPlugin:80 - create IPUIPlugin
2023-11-16 12:17:25,562 [INFO] IPUIPlugin:80 - create IPUIPlugin
2023-11-16 12:17:25,562 [INFO] IPUIPlugin:80 - create IPUIPlugin
2023-11-16 12:17:25,562 [INFO] IPUIPlugin:80 - create IPUIPlugin
2023-11-16 12:17:25,562 [INFO] IPUIPlugin:80 - create IPUIPlugin
2023-11-16 12:17:25,562 [INFO] IPUIPlugin:80 - create IPUIPlugin
2023-11-16 12:17:25,562 [INFO] IPUIPlugin:80 - create IPUIPlugin
2023-11-16 12:17:25,562 [INFO] IPUIPlugin:80 - create IPUIPlugin
2023-11-16 12:17:25,563 [INFO] IPUIPlugin:80 - create IPUIPlugin
2023-11-16 12:17:25,563 [INFO] IPUIPlugin:80 - create IPUIPlugin
2023-11-16 12:17:25,563 [INFO] IPUIPlugin:80 - create IPUIPlugin
2023-11-16 12:17:25,563 [INFO] IPUIPlugin:80 - create IPUIPlugin
2023-11-16 12:17:25,563 [INFO] IPUIPlugin:80 - create IPUIPlugin
2023-11-16 12:17:25,564 [INFO] IPUIPlugin:80 - create IPUIPlugin
2023-11-16 12:17:25,564 [INFO] IPUIPlugin:80 - create IPUIPlugin
2023-11-16 12:17:25,564 [INFO] IPUIPlugin:80 - create IPUIPlugin
2023-11-16 12:17:25,564 [INFO] IPUIPlugin:80 - create IPUIPlugin
2023-11-16 12:17:25,564 [INFO] IPUIPlugin:80 - create IPUIPlugin
2023-11-16 12:17:25,564 [INFO] IPUIPlugin:80 - create IPUIPlugin
2023-11-16 12:17:25,565 [INFO] IPUIPlugin:80 - create IPUIPlugin
2023-11-16 12:17:25,565 [INFO] IPUIPlugin:80 - create IPUIPlugin
2023-11-16 12:17:25,565 [INFO] IPUIPlugin:80 - create IPUIPlugin
2023-11-16 12:17:25,565 [INFO] IPUIPlugin:80 - create IPUIPlugin
2023-11-16 12:17:25,565 [INFO] IPUIPlugin:80 - create IPUIPlugin
2023-11-16 12:17:25,565 [INFO] IPUIPlugin:80 - create IPUIPlugin
2023-11-16 12:17:25,565 [INFO] IPUIPlugin:80 - create IPUIPlugin
2023-11-16 12:17:25,565 [INFO] IPUIPlugin:80 - create IPUIPlugin
2023-11-16 12:17:25,565 [INFO] IPUIPlugin:80 - create IPUIPlugin
2023-11-16 12:17:25,565 [INFO] IPUIPlugin:80 - create IPUIPlugin
2023-11-16 12:17:25,565 [INFO] IPUIPlugin:80 - create IPUIPlugin
2023-11-16 12:17:25,565 [INFO] IPUIPlugin:80 - create IPUIPlugin
2023-11-16 12:17:25,566 [INFO] IPUIPlugin:80 - create IPUIPlugin
2023-11-16 12:17:25,567 [INFO] IPUIPlugin:80 - create IPUIPlugin
2023-11-16 12:17:25,567 [INFO] IPUIPlugin:80 - create IPUIPlugin
2023-11-16 12:17:25,567 [INFO] IPUIPlugin:80 - create IPUIPlugin
2023-11-16 12:17:25,567 [INFO] IPUIPlugin:80 - create IPUIPlugin
2023-11-16 12:17:25,567 [INFO] IPUIPlugin:80 - create IPUIPlugin
2023-11-16 12:17:25,568 [INFO] IPUIPlugin:80 - create IPUIPlugin
2023-11-16 12:17:25,568 [INFO] IPUIPlugin:80 - create IPUIPlugin
2023-11-16 12:17:25,568 [INFO] IPUIPlugin:80 - create IPUIPlugin
2023-11-16 12:17:25,568 [INFO] IPUIPlugin:80 - create IPUIPlugin
2023-11-16 12:17:25,569 [INFO] IPUIPlugin:80 - create IPUIPlugin
2023-11-16 12:17:25,569 [INFO] IPUIPlugin:80 - create IPUIPlugin
2023-11-16 12:17:25,776 [INFO] CADModel:165 - CPN selected for project levelSTM32L4R5ZIT6P
2023-11-16 12:17:25,776 [INFO] CADModel:114 - Register for checkConnection events
2023-11-16 12:17:25,837 [INFO] OpenFileManager:328 - Restore cursor
2023-11-16 12:17:29,056 [INFO] LogOutputStream:77 - [STDOUT_REDIRECT] 
2023-11-16 12:17:29,871 [INFO] McuFinderGlobals:63 - Set McuFinder mode to 2 (CubeIDE integrated)
2023-11-16 12:17:51,684 [ERROR] LogOutputStream:75 - [STDERR_REDIRECT] SLF4J: Failed to load class "org.slf4j.impl.StaticLoggerBinder".
2023-11-16 12:17:51,686 [ERROR] LogOutputStream:75 - [STDERR_REDIRECT] SLF4J: Defaulting to no-operation (NOP) logger implementation
2023-11-16 12:17:51,686 [ERROR] LogOutputStream:75 - [STDERR_REDIRECT] SLF4J: See http://www.slf4j.org/codes.html#StaticLoggerBinder for further details.
2023-11-16 12:18:47,578 [INFO] Activator:176 - 


2023-11-16 12:18:47,580 [INFO] Activator:177 - !SESSION log4j initialized
2023-11-16 12:18:51,223 [ERROR] LogOutputStream:75 - [STDERR_REDIRECT] 
2023-11-16 12:18:51,645 [INFO] LogOutputStream:77 - [STDOUT_REDIRECT] 
2023-11-16 12:18:53,244 [INFO] LogOutputStream:77 - [STDOUT_REDIRECT] 
2023-11-16 12:18:53,653 [ERROR] LogOutputStream:75 - [STDERR_REDIRECT] java.net.URISyntaxException: Illegal character in path at index 34: file:/Users/cpgvega/Library/Mobile Documents/com~apple~CloudDocs/Michigan/2023-2024 UMICH/Fall 2023/EECS 373/Rock-em-Sock-em-Motion/.metadata/.log4j2.xml
2023-11-16 12:18:53,654 [ERROR] LogOutputStream:75 - [STDERR_REDIRECT] 	at java.base/java.net.URI$Parser.fail(URI.java:2974)
2023-11-16 12:18:53,654 [ERROR] LogOutputStream:75 - [STDERR_REDIRECT] 	at java.base/java.net.URI$Parser.checkChars(URI.java:3145)
2023-11-16 12:18:53,655 [ERROR] LogOutputStream:75 - [STDERR_REDIRECT] 	at java.base/java.net.URI$Parser.parseHierarchical(URI.java:3227)
2023-11-16 12:18:53,656 [ERROR] LogOutputStream:75 - [STDERR_REDIRECT] 	at java.base/java.net.URI$Parser.parse(URI.java:3175)
2023-11-16 12:18:53,656 [ERROR] LogOutputStream:75 - [STDERR_REDIRECT] 	at java.base/java.net.URI.<init>(URI.java:623)
2023-11-16 12:18:53,656 [ERROR] LogOutputStream:75 - [STDERR_REDIRECT] 	at java.base/java.net.URL.toURI(URL.java:1056)
2023-11-16 12:18:53,657 [ERROR] LogOutputStream:75 - [STDERR_REDIRECT] 	at com.st.stm32cube.common.mx.core.CubeMxInstance.getInstance(CubeMxInstance.java:81)
2023-11-16 12:18:53,657 [ERROR] LogOutputStream:75 - [STDERR_REDIRECT] 	at com.st.stm32cube.common.mx.userauth.UserAuthAdapter.<init>(UserAuthAdapter.java:18)
2023-11-16 12:18:53,657 [ERROR] LogOutputStream:75 - [STDERR_REDIRECT] 	at com.st.stm32cube.common.mx.userauth.UserAuthProvider.getUserAuthAdapter(UserAuthProvider.java:9)
2023-11-16 12:18:53,657 [ERROR] LogOutputStream:75 - [STDERR_REDIRECT] 	at com.st.stm32cube.common.ecosystemintegration.ui.core.MCUEcoSystemIntegrationUiHelper.getUserAuth(MCUEcoSystemIntegrationUiHelper.java:100)
2023-11-16 12:18:53,657 [ERROR] LogOutputStream:75 - [STDERR_REDIRECT] 	at com.st.stm32cube.ide.mcu.userauth.UserAuthStartup.earlyStartup(UserAuthStartup.java:41)
2023-11-16 12:18:53,657 [ERROR] LogOutputStream:75 - [STDERR_REDIRECT] 	at org.eclipse.ui.internal.EarlyStartupRunnable.runEarlyStartup(EarlyStartupRunnable.java:79)
2023-11-16 12:18:53,657 [ERROR] LogOutputStream:75 - [STDERR_REDIRECT] 	at org.eclipse.ui.internal.EarlyStartupRunnable.run(EarlyStartupRunnable.java:55)
2023-11-16 12:18:53,657 [ERROR] LogOutputStream:75 - [STDERR_REDIRECT] 	at org.eclipse.core.runtime.SafeRunner.run(SafeRunner.java:45)
2023-11-16 12:18:53,658 [ERROR] LogOutputStream:75 - [STDERR_REDIRECT] 	at org.eclipse.ui.internal.Workbench$39.run(Workbench.java:2656)
2023-11-16 12:18:53,658 [ERROR] LogOutputStream:75 - [STDERR_REDIRECT] 	at org.eclipse.core.internal.jobs.Worker.run(Worker.java:63)
2023-11-16 12:18:53,722 [INFO] ApplicationProperties:184 - Using Application install path: /Applications/STM32CubeIDE.app/Contents/Eclipse/plugins/com.st.stm32cube.common.mx_6.9.1.202307191849
2023-11-16 12:18:53,734 [INFO] DbMcusXml:78 - Set database path to: /Applications/STM32CubeIDE.app/Contents/Eclipse/plugins/com.st.stm32cube.common.mx_6.9.1.202307191849//db//mcu/
2023-11-16 12:18:53,734 [INFO] ApiDb:274 - Set plugin database path to: /Applications/STM32CubeIDE.app/Contents/Eclipse/plugins/com.st.stm32cube.common.mx_6.9.1.202307191849//db//plugins/boardmanager/
2023-11-16 12:18:53,735 [WARN] ApiDb:259 - Overriding images path with different value:  => /Applications/STM32CubeIDE.app/Contents/Eclipse/plugins/com.st.stm32cube.common.mx_6.9.1.202307191849//db//plugins/mcufinder/images/
2023-11-16 12:18:53,746 [INFO] ApiDb:250 - Set database path to: /Users/cpgvega/.stmcufinder/plugins/mcufinder//mcu/
2023-11-16 12:18:53,747 [INFO] DbMcusAds:125 - Set database path to: /Users/cpgvega/.stmcufinder/plugins/mcufinder//mcu/
2023-11-16 12:18:53,748 [INFO] CrossReferenceDbSqlite:203 - Set database path to: /Users/cpgvega/.stmcufinder/plugins/mcufinder//mcu/cs/
2023-11-16 12:18:53,915 [INFO] RulesReader:64 - Compatibility file has been processed (293 Rules)
2023-11-16 12:18:54,046 [INFO] DbMcusXml:78 - Set database path to: /Applications/STM32CubeIDE.app/Contents/Eclipse/plugins/com.st.stm32cube.common.mx_6.9.1.202307191849//db//mcu/
2023-11-16 12:18:54,047 [INFO] ApiDb:274 - Set plugin database path to: /Applications/STM32CubeIDE.app/Contents/Eclipse/plugins/com.st.stm32cube.common.mx_6.9.1.202307191849//db//plugins/boardmanager/
2023-11-16 12:18:54,047 [INFO] ApiDb:261 - Set plugin images path to: /Applications/STM32CubeIDE.app/Contents/Eclipse/plugins/com.st.stm32cube.common.mx_6.9.1.202307191849//db//plugins/mcufinder/images/
2023-11-16 12:18:54,048 [WARN] DbFile:41 - Overriding database path with different value: /Users/cpgvega/.stmcufinder/plugins/mcufinder/ => /Users/cpgvega/.stmcufinder/plugins/mcufinder
2023-11-16 12:18:54,048 [INFO] ApiDb:250 - Set database path to: /Users/cpgvega/.stmcufinder/plugins/mcufinder//mcu/
2023-11-16 12:18:54,048 [WARN] DbFile:41 - Overriding database path with different value: /Users/cpgvega/.stmcufinder/plugins/mcufinder/ => /Users/cpgvega/.stmcufinder/plugins/mcufinder
2023-11-16 12:18:54,048 [INFO] DbMcusAds:125 - Set database path to: /Users/cpgvega/.stmcufinder/plugins/mcufinder//mcu/
2023-11-16 12:18:54,048 [WARN] DbFile:41 - Overriding database path with different value: /Users/cpgvega/.stmcufinder/plugins/mcufinder/ => /Users/cpgvega/.stmcufinder/plugins/mcufinder
2023-11-16 12:18:54,048 [WARN] DbFile:41 - Overriding database path with different value: /Users/cpgvega/.stmcufinder/plugins/mcufinder/ => /Users/cpgvega/.stmcufinder/plugins/mcufinder
2023-11-16 12:18:54,048 [INFO] CrossReferenceDbSqlite:203 - Set database path to: /Users/cpgvega/.stmcufinder/plugins/mcufinder//mcu/cs/
2023-11-16 12:18:54,152 [INFO] MainPanel:262 - HeapMemory: 268435456
2023-11-16 12:18:54,397 [INFO] DbMcusXml:78 - Set database path to: /Applications/STM32CubeIDE.app/Contents/Eclipse/plugins/com.st.stm32cube.common.mx_6.9.1.202307191849//db//mcu/
2023-11-16 12:18:54,398 [INFO] ApiDb:274 - Set plugin database path to: /Applications/STM32CubeIDE.app/Contents/Eclipse/plugins/com.st.stm32cube.common.mx_6.9.1.202307191849//db//plugins/boardmanager/
2023-11-16 12:18:54,399 [INFO] ApiDb:261 - Set plugin images path to: /Applications/STM32CubeIDE.app/Contents/Eclipse/plugins/com.st.stm32cube.common.mx_6.9.1.202307191849//db//plugins/mcufinder/images/
2023-11-16 12:18:54,400 [WARN] DbFile:41 - Overriding database path with different value: /Users/cpgvega/.stmcufinder/plugins/mcufinder/ => /Users/cpgvega/.stmcufinder/plugins/mcufinder
2023-11-16 12:18:54,400 [INFO] ApiDb:250 - Set database path to: /Users/cpgvega/.stmcufinder/plugins/mcufinder//mcu/
2023-11-16 12:18:54,400 [WARN] DbFile:41 - Overriding database path with different value: /Users/cpgvega/.stmcufinder/plugins/mcufinder/ => /Users/cpgvega/.stmcufinder/plugins/mcufinder
2023-11-16 12:18:54,400 [INFO] DbMcusAds:125 - Set database path to: /Users/cpgvega/.stmcufinder/plugins/mcufinder//mcu/
2023-11-16 12:18:54,400 [WARN] DbFile:41 - Overriding database path with different value: /Users/cpgvega/.stmcufinder/plugins/mcufinder/ => /Users/cpgvega/.stmcufinder/plugins/mcufinder
2023-11-16 12:18:54,400 [WARN] DbFile:41 - Overriding database path with different value: /Users/cpgvega/.stmcufinder/plugins/mcufinder/ => /Users/cpgvega/.stmcufinder/plugins/mcufinder
2023-11-16 12:18:54,400 [INFO] CrossReferenceDbSqlite:203 - Set database path to: /Users/cpgvega/.stmcufinder/plugins/mcufinder//mcu/cs/
2023-11-16 12:18:54,417 [INFO] ApplicationProperties:184 - Using Application install path: /Applications/STM32CubeIDE.app/Contents/Eclipse/plugins/com.st.stm32cube.common.mx_6.9.1.202307191849
2023-11-16 12:18:54,418 [INFO] PluginManage:196 - Search for loadable plugins [exclusion list=, ]
2023-11-16 12:18:54,422 [INFO] PluginManage:310 - Check plugin analytics
2023-11-16 12:18:54,591 [INFO] AnalyticsPlugin:253 - Accepted Software Licenses: 
2023-11-16 12:18:54,591 [INFO] AnalyticsPlugin:255 - Accepted CMSIS Pack Licenses: 
2023-11-16 12:18:54,591 [INFO] AnalyticsPlugin:257 - Accepted Firmware Licenses: FW.L4.1.18.0
2023-11-16 12:18:54,600 [INFO] PluginManage:359 - Loaded plugin analytics (category:tool,tabindex:-1)
2023-11-16 12:18:54,601 [INFO] PluginManage:310 - Check plugin cadmodel
2023-11-16 12:18:54,801 [INFO] CADModel:105 - Init CAD model plugin
2023-11-16 12:18:54,801 [INFO] PluginManage:359 - Loaded plugin cadmodel (category:power,tabindex:5)
2023-11-16 12:18:54,802 [INFO] PluginManage:310 - Check plugin clock
2023-11-16 12:18:54,810 [INFO] PluginManage:359 - Loaded plugin clock (category:base,tabindex:2)
2023-11-16 12:18:54,810 [INFO] PluginManage:310 - Check plugin ddr
2023-11-16 12:18:54,812 [INFO] PluginManage:359 - Loaded plugin ddr (category:tool,tabindex:6)
2023-11-16 12:18:54,812 [INFO] PluginManage:310 - Check plugin filemanager
2023-11-16 12:18:54,997 [INFO] PluginManage:359 - Loaded plugin filemanager (category:base,tabindex:10)
2023-11-16 12:18:54,999 [INFO] PluginManage:310 - Check plugin ipmanager
2023-11-16 12:18:55,016 [INFO] PluginManage:359 - Loaded plugin ipmanager (category:base,tabindex:5)
2023-11-16 12:18:55,017 [INFO] PluginManage:310 - Check plugin lpbam
2023-11-16 12:18:55,026 [INFO] PluginManage:359 - Loaded plugin lpbam (category:base,tabindex:0)
2023-11-16 12:18:55,026 [INFO] PluginManage:310 - Check plugin memorymap
2023-11-16 12:18:55,042 [INFO] PluginManage:359 - Loaded plugin memorymap (category:base,tabindex:4)
2023-11-16 12:18:55,043 [INFO] PluginManage:310 - Check plugin pinoutandconfiguration
2023-11-16 12:18:55,047 [INFO] PluginManage:359 - Loaded plugin pinoutandconfiguration (category:base,tabindex:1)
2023-11-16 12:18:55,047 [INFO] PluginManage:310 - Check plugin pinoutconfig
2023-11-16 12:18:55,114 [WARN] SupportedApi:132 - Cannot load RTOS API schema: s4s-elt-must-match.1: The content of 'definitions' must match (annotation?, (simpleType | complexType)?, (unique | key | keyref)*)). A problem was found starting at: attribute.
2023-11-16 12:18:55,238 [INFO] PluginManage:359 - Loaded plugin pinoutconfig (category:base,tabindex:0)
2023-11-16 12:18:55,239 [INFO] PluginManage:310 - Check plugin power
2023-11-16 12:18:55,251 [INFO] PluginManage:359 - Loaded plugin power (category:power,tabindex:4)
2023-11-16 12:18:55,251 [INFO] PluginManage:310 - Check plugin projectmanager
2023-11-16 12:18:55,275 [INFO] PluginManage:359 - Loaded plugin projectmanager (category:projectmanager,tabindex:3)
2023-11-16 12:18:55,275 [INFO] PluginManage:310 - Check plugin thirdparty
2023-11-16 12:18:55,405 [INFO] PluginManage:359 - Loaded plugin thirdparty (category:base,tabindex:-1)
2023-11-16 12:18:55,405 [INFO] PluginManage:310 - Check plugin tools
2023-11-16 12:18:55,405 [WARN] IntegrityCheckThread:84 - waiting for thirdparty lock release [integrity check]
2023-11-16 12:18:55,406 [INFO] IntegrityCheckThread:86 - entering critical section [integrity check]
2023-11-16 12:18:55,407 [INFO] ThirdPartyUpdaterWithRetryManager:70 - Updater plugin not ready yet. [1/15]
2023-11-16 12:18:55,407 [INFO] PluginManage:359 - Loaded plugin tools (category:base,tabindex:7)
2023-11-16 12:18:55,407 [INFO] PluginManage:310 - Check plugin tutovideos
2023-11-16 12:18:55,526 [INFO] PluginManage:359 - Loaded plugin tutovideos (category:base,tabindex:-1)
2023-11-16 12:18:55,526 [INFO] PluginManage:310 - Check plugin updater
2023-11-16 12:18:55,536 [INFO] PluginManage:359 - Loaded plugin updater (category:base,tabindex:12)
2023-11-16 12:18:55,536 [INFO] PluginManage:310 - Check plugin userauth
2023-11-16 12:18:55,541 [INFO] UserAuth:113 - Init User Auth plugin
2023-11-16 12:18:55,541 [INFO] PluginManage:359 - Loaded plugin userauth (category:base,tabindex:14)
2023-11-16 12:18:55,542 [INFO] PluginManage:283 - PluginManage : Loaded plugins [17]
2023-11-16 12:18:55,735 [INFO] PinOutPanel:1499 - setPackage(No Configuration,No Configuration)
2023-11-16 12:18:55,811 [INFO] CADModel:165 - CPN selected for project level
2023-11-16 12:18:55,812 [INFO] CADModel:114 - Register for checkConnection events
2023-11-16 12:18:55,822 [INFO] IPUIPlugin:80 - create IPUIPlugin
2023-11-16 12:18:55,822 [INFO] PluginManager:220 - loadIPPluginJar : add mdma
2023-11-16 12:18:55,826 [INFO] IPUIPlugin:80 - create IPUIPlugin
2023-11-16 12:18:55,826 [INFO] PluginManager:220 - loadIPPluginJar : add freertos
2023-11-16 12:18:55,828 [INFO] IPUIPlugin:80 - create IPUIPlugin
2023-11-16 12:18:55,829 [INFO] PluginManager:220 - loadIPPluginJar : add gic
2023-11-16 12:18:55,833 [INFO] IPUIPlugin:80 - create IPUIPlugin
2023-11-16 12:18:55,833 [INFO] PluginManager:220 - loadIPPluginJar : add adc
2023-11-16 12:18:55,835 [INFO] IPUIPlugin:80 - create IPUIPlugin
2023-11-16 12:18:55,835 [INFO] PluginManager:220 - loadIPPluginJar : add gtzc
2023-11-16 12:18:55,836 [INFO] IPUIPlugin:80 - create IPUIPlugin
2023-11-16 12:18:55,836 [INFO] PluginManager:220 - loadIPPluginJar : add quadspi
2023-11-16 12:18:55,837 [INFO] IPUIPlugin:80 - create IPUIPlugin
2023-11-16 12:18:55,837 [INFO] PluginManager:220 - loadIPPluginJar : add aes
2023-11-16 12:18:55,839 [INFO] IPUIPlugin:80 - create IPUIPlugin
2023-11-16 12:18:55,839 [INFO] PluginManager:220 - loadIPPluginJar : add pdm2pcm
2023-11-16 12:18:55,840 [INFO] IPUIPlugin:80 - create IPUIPlugin
2023-11-16 12:18:55,840 [INFO] PluginManager:220 - loadIPPluginJar : add hash
2023-11-16 12:18:55,840 [INFO] IPUIPlugin:80 - create IPUIPlugin
2023-11-16 12:18:55,840 [INFO] PluginManager:220 - loadIPPluginJar : add tim
2023-11-16 12:18:55,841 [INFO] IPUIPlugin:80 - create IPUIPlugin
2023-11-16 12:18:55,841 [INFO] PluginManager:220 - loadIPPluginJar : add tsc
2023-11-16 12:18:55,841 [INFO] IPUIPlugin:80 - create IPUIPlugin
2023-11-16 12:18:55,841 [INFO] PluginManager:220 - loadIPPluginJar : add ts
2023-11-16 12:18:55,842 [INFO] IPUIPlugin:80 - create IPUIPlugin
2023-11-16 12:18:55,842 [INFO] PluginManager:220 - loadIPPluginJar : add can
2023-11-16 12:18:55,843 [INFO] IPUIPlugin:80 - create IPUIPlugin
2023-11-16 12:18:55,844 [INFO] PluginManager:220 - loadIPPluginJar : add dma3
2023-11-16 12:18:55,845 [INFO] IPUIPlugin:80 - create IPUIPlugin
2023-11-16 12:18:55,845 [INFO] PluginManager:220 - loadIPPluginJar : add dfsdm
2023-11-16 12:18:55,846 [INFO] IPUIPlugin:80 - create IPUIPlugin
2023-11-16 12:18:55,846 [INFO] PluginManager:220 - loadIPPluginJar : add spi
2023-11-16 12:18:55,847 [INFO] IPUIPlugin:80 - create IPUIPlugin
2023-11-16 12:18:55,847 [INFO] PluginManager:220 - loadIPPluginJar : add gfxmmu
2023-11-16 12:18:55,848 [INFO] IPUIPlugin:80 - create IPUIPlugin
2023-11-16 12:18:55,848 [INFO] PluginManager:220 - loadIPPluginJar : add genericplugin
2023-11-16 12:18:55,848 [INFO] IPUIPlugin:80 - create IPUIPlugin
2023-11-16 12:18:55,849 [INFO] PluginManager:220 - loadIPPluginJar : add cryp
2023-11-16 12:18:55,850 [INFO] IPUIPlugin:80 - create IPUIPlugin
2023-11-16 12:18:55,850 [INFO] PluginManager:220 - loadIPPluginJar : add gpio
2023-11-16 12:18:55,851 [INFO] IPUIPlugin:80 - create IPUIPlugin
2023-11-16 12:18:55,851 [INFO] PluginManager:220 - loadIPPluginJar : add comp
2023-11-16 12:18:55,851 [INFO] IPUIPlugin:80 - create IPUIPlugin
2023-11-16 12:18:55,851 [INFO] PluginManager:220 - loadIPPluginJar : add tracer_emb
2023-11-16 12:18:55,853 [INFO] IPUIPlugin:80 - create IPUIPlugin
2023-11-16 12:18:55,853 [INFO] PluginManager:220 - loadIPPluginJar : add openamp
2023-11-16 12:18:55,854 [INFO] IPUIPlugin:80 - create IPUIPlugin
2023-11-16 12:18:55,854 [INFO] PluginManager:220 - loadIPPluginJar : add stm32_wpan
2023-11-16 12:18:55,857 [INFO] IPUIPlugin:80 - create IPUIPlugin
2023-11-16 12:18:55,860 [INFO] PluginManager:220 - loadIPPluginJar : add plateformsettings
2023-11-16 12:18:55,862 [INFO] IPUIPlugin:80 - create IPUIPlugin
2023-11-16 12:18:55,862 [INFO] PluginManager:220 - loadIPPluginJar : add ipddr
2023-11-16 12:18:55,864 [INFO] IPUIPlugin:80 - create IPUIPlugin
2023-11-16 12:18:55,864 [INFO] PluginManager:220 - loadIPPluginJar : add usart
2023-11-16 12:18:55,865 [INFO] IPUIPlugin:80 - create IPUIPlugin
2023-11-16 12:18:55,865 [INFO] PluginManager:220 - loadIPPluginJar : add ltdc
2023-11-16 12:18:55,866 [INFO] IPUIPlugin:80 - create IPUIPlugin
2023-11-16 12:18:55,866 [INFO] PluginManager:220 - loadIPPluginJar : add nvic
2023-11-16 12:18:55,867 [INFO] IPUIPlugin:80 - create IPUIPlugin
2023-11-16 12:18:55,867 [INFO] PluginManager:220 - loadIPPluginJar : add fatfs
2023-11-16 12:18:55,870 [INFO] IPUIPlugin:80 - create IPUIPlugin
2023-11-16 12:18:55,870 [INFO] PluginManager:220 - loadIPPluginJar : add linkedlist
2023-11-16 12:18:55,873 [INFO] IPUIPlugin:80 - create IPUIPlugin
2023-11-16 12:18:55,873 [INFO] PluginManager:220 - loadIPPluginJar : add dma
2023-11-16 12:18:55,874 [INFO] IPUIPlugin:80 - create IPUIPlugin
2023-11-16 12:18:55,874 [INFO] PluginManager:220 - loadIPPluginJar : add fmc
2023-11-16 12:18:55,875 [INFO] IPUIPlugin:80 - create IPUIPlugin
2023-11-16 12:18:55,875 [INFO] PluginManager:220 - loadIPPluginJar : add i2s
2023-11-16 12:18:55,876 [INFO] IPUIPlugin:80 - create IPUIPlugin
2023-11-16 12:18:55,876 [INFO] PluginManager:220 - loadIPPluginJar : add ucpd
2023-11-16 12:18:55,877 [INFO] IPUIPlugin:80 - create IPUIPlugin
2023-11-16 12:18:55,877 [INFO] PluginManager:220 - loadIPPluginJar : add lorawan
2023-11-16 12:18:55,878 [INFO] IPUIPlugin:80 - create IPUIPlugin
2023-11-16 12:18:55,878 [INFO] PluginManager:220 - loadIPPluginJar : add opamp
2023-11-16 12:18:55,879 [INFO] IPUIPlugin:80 - create IPUIPlugin
2023-11-16 12:18:55,879 [INFO] PluginManager:220 - loadIPPluginJar : add i3c
2023-11-16 12:18:55,880 [INFO] IPUIPlugin:80 - create IPUIPlugin
2023-11-16 12:18:55,880 [INFO] PluginManager:220 - loadIPPluginJar : add touchsensing
2023-11-16 12:18:55,881 [INFO] IPUIPlugin:80 - create IPUIPlugin
2023-11-16 12:18:55,882 [INFO] PluginManager:220 - loadIPPluginJar : add i2c
2023-11-16 12:18:55,883 [INFO] IPUIPlugin:80 - create IPUIPlugin
2023-11-16 12:18:55,883 [INFO] PluginManager:220 - loadIPPluginJar : add resmgrutility
2023-11-16 12:18:55,884 [INFO] IPUIPlugin:80 - create IPUIPlugin
2023-11-16 12:18:55,884 [INFO] PluginManager:220 - loadIPPluginJar : add sai
2023-11-16 12:18:55,885 [INFO] IPUIPlugin:80 - create IPUIPlugin
2023-11-16 12:18:55,886 [INFO] PluginManager:220 - loadIPPluginJar : add usbx
2023-11-16 12:18:56,005 [INFO] CADModel:165 - CPN selected for project level
2023-11-16 12:18:56,006 [INFO] CADModel:114 - Register for checkConnection events
2023-11-16 12:18:56,006 [FATAL] Updater:308 - Updater called before beeing initialized
2023-11-16 12:18:56,006 [ERROR] CADModel:125 - Updater not yet initialized, retry later 
2023-11-16 12:18:56,222 [INFO] CADModel:165 - CPN selected for project level
2023-11-16 12:18:56,222 [INFO] CADModel:114 - Register for checkConnection events
2023-11-16 12:18:56,222 [FATAL] Updater:308 - Updater called before beeing initialized
2023-11-16 12:18:56,222 [ERROR] CADModel:125 - Updater not yet initialized, retry later 
2023-11-16 12:18:56,226 [FATAL] Updater:308 - Updater called before beeing initialized
2023-11-16 12:18:56,356 [FATAL] Updater:308 - Updater called before beeing initialized
2023-11-16 12:18:56,362 [INFO] DbMcusAds:53 - JSON generation date=Tue Mar 07 03:50:55 EST 2023 (1678179055335)
2023-11-16 12:18:56,363 [FATAL] Updater:308 - Updater called before beeing initialized
2023-11-16 12:18:56,405 [WARN] DetailPanel:346 - Failed to get advertising image, set to default
2023-11-16 12:18:56,469 [FATAL] Updater:308 - Updater called before beeing initialized
2023-11-16 12:18:56,470 [FATAL] Updater:308 - Updater called before beeing initialized
2023-11-16 12:18:56,470 [FATAL] Updater:308 - Updater called before beeing initialized
2023-11-16 12:18:56,470 [WARN] DetailPanel:346 - Failed to get advertising image, set to default
2023-11-16 12:18:56,473 [FATAL] Updater:308 - Updater called before beeing initialized
2023-11-16 12:18:56,536 [ERROR] Updater:1120 - MainUpdater not yet initialized. External WinMGr cannot be set.
2023-11-16 12:18:56,568 [INFO] Updater:1056 - Updater Version found : 6.9.1
2023-11-16 12:18:56,578 [INFO] ApplicationProperties:184 - Using Application install path: /Applications/STM32CubeIDE.app/Contents/Eclipse/plugins/com.st.stm32cube.common.mx_6.9.1.202307191849
2023-11-16 12:18:56,806 [INFO] MainUpdater:2868 - connection check result : 10
2023-11-16 12:18:56,807 [INFO] MainUpdater:285 - Updater Check For Update Now.
2023-11-16 12:18:56,807 [INFO] MicroXplorer:498 - Change Database Version : DB.6.0.91
2023-11-16 12:18:56,812 [INFO] McuFinderGlobals:63 - Set McuFinder mode to 2 (CubeIDE integrated)
2023-11-16 12:18:57,101 [INFO] CheckServerUpdateThread:120 - End of CheckServer Thread
2023-11-16 12:18:58,541 [WARN] PackLoader:240 - Cannot read IP mode file for STMicroelectronics.X-CUBE-SMBUS.2.1.0
2023-11-16 12:18:58,601 [WARN] PackLoader:240 - Cannot read IP mode file for STMicroelectronics.X-CUBE-AZRTOS-F7.1.1.0
2023-11-16 12:18:58,638 [WARN] PackLoader:240 - Cannot read IP mode file for STMicroelectronics.FP-SNS-MOTENV1.4.3.2
2023-11-16 12:18:58,671 [WARN] PackLoader:240 - Cannot read IP mode file for STMicroelectronics.X-CUBE-DISPLAY.3.0.0
2023-11-16 12:18:58,701 [WARN] PackLoader:240 - Cannot read IP mode file for emotas.I-CUBE-CANOPEN.1.3.0
2023-11-16 12:18:58,711 [WARN] PackLoader:240 - Cannot read IP mode file for STMicroelectronics.X-CUBE-TOUCHGFX.4.22.0
2023-11-16 12:18:58,717 [WARN] PackLoader:240 - Cannot read IP mode file for STMicroelectronics.X-CUBE-TOUCHGFX.4.22.1
2023-11-16 12:18:58,728 [WARN] PackLoader:240 - Cannot read IP mode file for STMicroelectronics.FP-SNS-SMARTAG2.1.2.0
2023-11-16 12:18:58,743 [INFO] LogOutputStream:77 - [STDOUT_REDIRECT] 1 : Invalid condition id : UX_CORESTACK_Condition cause : null
2023-11-16 12:18:58,744 [INFO] LogOutputStream:77 - [STDOUT_REDIRECT] 1 : Invalid condition id : UX_CORESTACK_Condition cause : null
2023-11-16 12:18:58,744 [INFO] LogOutputStream:77 - [STDOUT_REDIRECT] 1 : Invalid condition id : UX_CORESTACK_Condition cause : null
2023-11-16 12:18:58,744 [INFO] LogOutputStream:77 - [STDOUT_REDIRECT] 1 : Invalid condition id : UX_CORESTACK_Condition cause : null
2023-11-16 12:18:58,744 [INFO] LogOutputStream:77 - [STDOUT_REDIRECT] 1 : Invalid condition id : UX_CORESTACK_Condition cause : null
2023-11-16 12:18:58,761 [WARN] PackLoader:240 - Cannot read IP mode file for STMicroelectronics.X-CUBE-AZRTOS-WL.2.0.0
2023-11-16 12:18:58,789 [WARN] PackLoader:240 - Cannot read IP mode file for WES.I-CUBE-Cesium.1.3.0
2023-11-16 12:18:58,821 [WARN] PackLoader:240 - Cannot read IP mode file for STMicroelectronics.X-CUBE-BLE2.3.3.0
2023-11-16 12:18:58,867 [WARN] PackLoader:240 - Cannot read IP mode file for STMicroelectronics.X-CUBE-ALGOBUILD.1.3.0
2023-11-16 12:18:58,909 [WARN] PackLoader:240 - Cannot read IP mode file for STMicroelectronics.X-CUBE-AZRTOS-G0.1.1.0
2023-11-16 12:18:58,930 [WARN] PackLoader:240 - Cannot read IP mode file for STMicroelectronics.X-CUBE-NFC4.3.0.0
2023-11-16 12:18:58,956 [WARN] PackLoader:240 - Cannot read IP mode file for STMicroelectronics.X-CUBE-BLEMGR.3.0.0
2023-11-16 12:18:58,974 [WARN] PackLoader:240 - Cannot read IP mode file for STMicroelectronics.FP-ATR-SIGFOX1.3.2.0
2023-11-16 12:18:59,067 [WARN] PackLoader:240 - Cannot read IP mode file for SEGGER.I-CUBE-embOS.1.3.1
2023-11-16 12:18:59,124 [WARN] PackLoader:240 - Cannot read IP mode file for STMicroelectronics.X-CUBE-GNSS1.6.0.0
2023-11-16 12:18:59,147 [WARN] PackLoader:240 - Cannot read IP mode file for STMicroelectronics.X-CUBE-AZRTOS-F4.1.1.0
2023-11-16 12:18:59,232 [WARN] PackLoader:240 - Cannot read IP mode file for STMicroelectronics.X-CUBE-MEMS1.9.6.0
2023-11-16 12:18:59,367 [WARN] PackLoader:240 - Cannot read IP mode file for STMicroelectronics.X-CUBE-EEPRMA1.4.2.0
2023-11-16 12:18:59,372 [WARN] PackLoader:240 - Cannot read IP mode file for ITTIA_DB.I-CUBE-ITTIADB.8.8.0
2023-11-16 12:18:59,386 [WARN] PackLoader:240 - Cannot read IP mode file for STMicroelectronics.X-CUBE-BLEMGR.2.0.0
2023-11-16 12:18:59,411 [WARN] ConditionMgr:438 - getConditionDescription Invalid condition id : UX DEVICE CLASS RTOS Condition cause : null
2023-11-16 12:18:59,412 [WARN] ConditionMgr:438 - getConditionDescription Invalid condition id : UX DEVICE CLASS RTOS Condition cause : null
2023-11-16 12:18:59,417 [WARN] PackLoader:240 - Cannot read IP mode file for STMicroelectronics.X-CUBE-AZRTOS-H7.3.1.0
2023-11-16 12:18:59,422 [WARN] ConditionMgr:1039 - genDependencies : Invalid condition id : UX DEVICE CLASS RTOS Condition cause : null
2023-11-16 12:18:59,423 [WARN] ConditionMgr:1039 - genDependencies : Invalid condition id : UX DEVICE CLASS RTOS Condition cause : null
2023-11-16 12:18:59,424 [WARN] ConditionMgr:1039 - genDependencies : Invalid condition id : UX DEVICE CLASS RTOS Condition cause : null
2023-11-16 12:18:59,425 [WARN] ConditionMgr:1039 - genDependencies : Invalid condition id : UX DEVICE CLASS RTOS Condition cause : null
2023-11-16 12:18:59,425 [WARN] ConditionMgr:1039 - genDependencies : Invalid condition id : UX DEVICE CLASS RTOS Condition cause : null
2023-11-16 12:18:59,433 [WARN] PackLoader:240 - Cannot read IP mode file for STMicroelectronics.X-CUBE-NFC7.1.0.1
2023-11-16 12:18:59,441 [WARN] PackLoader:240 - Cannot read IP mode file for STMicroelectronics.X-CUBE-NFC6.3.0.0
2023-11-16 12:18:59,450 [WARN] PackLoader:240 - Cannot read IP mode file for STMicroelectronics.X-CUBE-EEPRMA1.4.1.0
2023-11-16 12:18:59,468 [WARN] ConditionMgr:438 - getConditionDescription Invalid condition id : LAN8742 Phy interface Condition cause : null
2023-11-16 12:18:59,469 [WARN] PackLoader:240 - Cannot read IP mode file for STMicroelectronics.X-CUBE-AZRTOS-L4.2.0.0
2023-11-16 12:18:59,471 [WARN] ConditionMgr:1039 - genDependencies : Invalid condition id : LAN8742 Phy interface Condition cause : null
2023-11-16 12:18:59,472 [WARN] ConditionMgr:1039 - genDependencies : Invalid condition id : LAN8742 Phy interface Condition cause : null
2023-11-16 12:18:59,473 [WARN] ConditionMgr:1039 - genDependencies : Invalid condition id : LAN8742 Phy interface Condition cause : null
2023-11-16 12:18:59,490 [WARN] PackLoader:240 - Cannot read IP mode file for STMicroelectronics.X-CUBE-SFXS2LP1.4.0.0
2023-11-16 12:18:59,497 [WARN] PackLoader:240 - Cannot read IP mode file for STMicroelectronics.X-CUBE-ISPU.1.1.0
2023-11-16 12:18:59,506 [WARN] PackLoader:240 - Cannot read IP mode file for STMicroelectronics.X-CUBE-SUBG2.5.0.0
2023-11-16 12:18:59,525 [WARN] PackLoader:240 - Cannot read IP mode file for STMicroelectronics.X-CUBE-AZRTOS-G4.2.0.0
2023-11-16 12:18:59,549 [WARN] PackLoader:240 - Cannot read IP mode file for Infineon.AIROC-Wi-Fi-Bluetooth-STM32.1.5.1
2023-11-16 12:18:59,558 [WARN] PackLoader:240 - Cannot read IP mode file for STMicroelectronics.FP-SNS-MOTENVWB1.1.3.0
2023-11-16 12:18:59,612 [WARN] PackLoader:240 - Cannot read IP mode file for STMicroelectronics.X-CUBE-MEMS1.10.0.0
2023-11-16 12:18:59,697 [WARN] PackLoader:240 - Cannot read IP mode file for portGmbH.I-Cube-SoM-uGOAL.1.1.0
2023-11-16 12:18:59,701 [WARN] PackLoader:240 - Cannot read IP mode file for STMicroelectronics.X-CUBE-ALS.1.0.1
2023-11-16 12:18:59,704 [WARN] PackLoader:240 - Cannot read IP mode file for STMicroelectronics.FP-ATR-ASTRA1.2.0.0
2023-11-16 12:18:59,704 [INFO] ThirdParty:978 - Integrity check success = true
2023-11-16 12:18:59,704 [INFO] IntegrityCheckThread:100 - exiting critical section [integrity check]
2023-11-16 12:18:59,704 [INFO] IntegrityCheckThread:103 - End integrity checks thread
2023-11-16 12:19:17,915 [ERROR] LogOutputStream:75 - [STDERR_REDIRECT] SLF4J: Failed to load class "org.slf4j.impl.StaticLoggerBinder".
2023-11-16 12:19:17,916 [ERROR] LogOutputStream:75 - [STDERR_REDIRECT] SLF4J: Defaulting to no-operation (NOP) logger implementation
2023-11-16 12:19:17,916 [ERROR] LogOutputStream:75 - [STDERR_REDIRECT] SLF4J: See http://www.slf4j.org/codes.html#StaticLoggerBinder for further details.
2023-11-16 15:28:40,840 [ERROR] ConfigurationRetriever:142 - IOException on connection: sw-center.st.com
2023-11-16 15:28:40,847 [ERROR] ConfigurationRetriever:142 - IOException on connection: sw-center.st.com
2023-11-16 15:28:40,848 [ERROR] ConfigurationRetriever:142 - IOException on connection: sw-center.st.com
